[10:45:12][INFO ][ContextLoader.java:271] - Root WebApplicationContext: initialization started
[10:45:13][INFO ][ContextLoader.java:307] - Root WebApplicationContext initialized in 1315 ms
[10:45:13][INFO ][FrameworkServlet.java:525] - Initializing Servlet 'appServlet'
[10:45:15][INFO ][FrameworkServlet.java:547] - Completed initialization in 1712 ms
[10:45:17][WARN ][DispatcherServlet.java:1278] - No mapping for POST /meinsite/btop3.do
[10:45:17][WARN ][DispatcherServlet.java:1278] - No mapping for POST /meinsite/ntop3.do
[14:58:40][INFO ][ContextLoader.java:271] - Root WebApplicationContext: initialization started
[14:58:41][INFO ][ContextLoader.java:307] - Root WebApplicationContext initialized in 1530 ms
[14:58:41][INFO ][FrameworkServlet.java:525] - Initializing Servlet 'appServlet'
[14:58:43][INFO ][FrameworkServlet.java:547] - Completed initialization in 1851 ms
[14:58:51][WARN ][DispatcherServlet.java:1278] - No mapping for POST /meinsite/btop3.do
[14:58:51][WARN ][DispatcherServlet.java:1278] - No mapping for POST /meinsite/ntop3.do
[14:58:56][WARN ][DispatcherServlet.java:1278] - No mapping for POST /meinsite/btop3.do
[14:58:56][WARN ][DispatcherServlet.java:1278] - No mapping for POST /meinsite/ntop3.do
[14:59:15][WARN ][DispatcherServlet.java:1278] - No mapping for POST /meinsite/btop3.do
[14:59:15][WARN ][DispatcherServlet.java:1278] - No mapping for POST /meinsite/ntop3.do
[14:59:21][WARN ][DispatcherServlet.java:1278] - No mapping for POST /meinsite/btop3.do
[14:59:21][WARN ][DispatcherServlet.java:1278] - No mapping for POST /meinsite/ntop3.do
[14:59:25][WARN ][DispatcherServlet.java:1278] - No mapping for POST /meinsite/ntop3.do
[14:59:25][WARN ][DispatcherServlet.java:1278] - No mapping for POST /meinsite/btop3.do
[14:59:29][WARN ][DispatcherServlet.java:1278] - No mapping for POST /meinsite/ntop3.do
[14:59:29][WARN ][DispatcherServlet.java:1278] - No mapping for POST /meinsite/btop3.do
[15:07:10][INFO ][ContextLoader.java:271] - Root WebApplicationContext: initialization started
[15:07:11][INFO ][ContextLoader.java:307] - Root WebApplicationContext initialized in 1336 ms
[15:07:11][INFO ][FrameworkServlet.java:525] - Initializing Servlet 'appServlet'
[15:07:13][INFO ][FrameworkServlet.java:547] - Completed initialization in 1673 ms
[15:07:33][WARN ][DispatcherServlet.java:1278] - No mapping for POST /meinsite/ntop3.do
[15:07:33][WARN ][DispatcherServlet.java:1278] - No mapping for POST /meinsite/btop3.do
[15:09:46][WARN ][DispatcherServlet.java:1278] - No mapping for POST /meinsite/btop3.do
[15:09:46][WARN ][DispatcherServlet.java:1278] - No mapping for POST /meinsite/ntop3.do
[15:10:21][WARN ][DispatcherServlet.java:1278] - No mapping for POST /meinsite/btop3.do
[15:10:21][WARN ][DispatcherServlet.java:1278] - No mapping for POST /meinsite/ntop3.do
[15:10:24][WARN ][DispatcherServlet.java:1278] - No mapping for POST /meinsite/ntop3.do
[15:10:24][WARN ][DispatcherServlet.java:1278] - No mapping for POST /meinsite/btop3.do
[15:11:04][WARN ][DispatcherServlet.java:1278] - No mapping for POST /meinsite/ntop3.do
[15:11:04][WARN ][DispatcherServlet.java:1278] - No mapping for POST /meinsite/btop3.do
[15:32:27][INFO ][ContextLoader.java:271] - Root WebApplicationContext: initialization started
[15:32:28][INFO ][ContextLoader.java:307] - Root WebApplicationContext initialized in 1361 ms
[15:32:28][INFO ][FrameworkServlet.java:525] - Initializing Servlet 'appServlet'
[15:32:30][INFO ][FrameworkServlet.java:547] - Completed initialization in 1833 ms
[15:32:45][WARN ][DispatcherServlet.java:1278] - No mapping for POST /meinsite/ntop3.do
[15:32:45][WARN ][DispatcherServlet.java:1278] - No mapping for POST /meinsite/btop3.do
[15:32:52][WARN ][DispatcherServlet.java:1278] - No mapping for POST /meinsite/btop3.do
[15:32:52][WARN ][DispatcherServlet.java:1278] - No mapping for POST /meinsite/ntop3.do
[15:32:55][WARN ][DispatcherServlet.java:1278] - No mapping for POST /meinsite/btop3.do
[15:32:55][WARN ][DispatcherServlet.java:1278] - No mapping for POST /meinsite/ntop3.do
[16:13:18][WARN ][DispatcherServlet.java:1278] - No mapping for POST /meinsite/ntop3.do
[16:13:18][WARN ][DispatcherServlet.java:1278] - No mapping for POST /meinsite/btop3.do
[16:13:50][ERROR][Slf4jSpyLogDelegator.java:120] - 6. PreparedStatement.execute() insert into member (userid, userpwd, username, email, loginok, admin, enroll_date)
		values ('kim1234', '$2a$10$rTdr/zRdeitVHeqVBqV7wOiq..2HuacBClMlN6fO3UINsDMDtFG0S', '강수진', 'mblk2013@daum.net', default, default, default)
java.sql.SQLIntegrityConstraintViolationException: ORA-00001: 무결성 제약 조건(C##PROJECT.PK_MEMBER_UID)에 위배됩니다

	at oracle.jdbc.driver.T4CTTIoer11.processError(T4CTTIoer11.java:494)
	at oracle.jdbc.driver.T4CTTIoer11.processError(T4CTTIoer11.java:446)
	at oracle.jdbc.driver.T4C8Oall.processError(T4C8Oall.java:1052)
	at oracle.jdbc.driver.T4CTTIfun.receive(T4CTTIfun.java:537)
	at oracle.jdbc.driver.T4CTTIfun.doRPC(T4CTTIfun.java:255)
	at oracle.jdbc.driver.T4C8Oall.doOALL(T4C8Oall.java:610)
	at oracle.jdbc.driver.T4CPreparedStatement.doOall8(T4CPreparedStatement.java:253)
	at oracle.jdbc.driver.T4CPreparedStatement.doOall8(T4CPreparedStatement.java:86)
	at oracle.jdbc.driver.T4CPreparedStatement.executeForRows(T4CPreparedStatement.java:928)
	at oracle.jdbc.driver.OracleStatement.doExecuteWithTimeout(OracleStatement.java:1136)
	at oracle.jdbc.driver.OraclePreparedStatement.executeInternal(OraclePreparedStatement.java:3640)
	at oracle.jdbc.driver.T4CPreparedStatement.executeInternal(T4CPreparedStatement.java:1384)
	at oracle.jdbc.driver.OraclePreparedStatement.execute(OraclePreparedStatement.java:3752)
	at oracle.jdbc.driver.OraclePreparedStatementWrapper.execute(OraclePreparedStatementWrapper.java:1079)
	at org.apache.commons.dbcp.DelegatingPreparedStatement.execute(DelegatingPreparedStatement.java:172)
	at org.apache.commons.dbcp.DelegatingPreparedStatement.execute(DelegatingPreparedStatement.java:172)
	at net.sf.log4jdbc.PreparedStatementSpy.execute(PreparedStatementSpy.java:418)
	at org.apache.ibatis.executor.statement.PreparedStatementHandler.update(PreparedStatementHandler.java:47)
	at org.apache.ibatis.executor.statement.RoutingStatementHandler.update(RoutingStatementHandler.java:74)
	at org.apache.ibatis.executor.SimpleExecutor.doUpdate(SimpleExecutor.java:50)
	at org.apache.ibatis.executor.BaseExecutor.update(BaseExecutor.java:117)
	at org.apache.ibatis.session.defaults.DefaultSqlSession.update(DefaultSqlSession.java:197)
	at org.apache.ibatis.session.defaults.DefaultSqlSession.insert(DefaultSqlSession.java:184)
	at java.base/jdk.internal.reflect.NativeMethodAccessorImpl.invoke0(Native Method)
	at java.base/jdk.internal.reflect.NativeMethodAccessorImpl.invoke(NativeMethodAccessorImpl.java:62)
	at java.base/jdk.internal.reflect.DelegatingMethodAccessorImpl.invoke(DelegatingMethodAccessorImpl.java:43)
	at java.base/java.lang.reflect.Method.invoke(Method.java:566)
	at org.mybatis.spring.SqlSessionTemplate$SqlSessionInterceptor.invoke(SqlSessionTemplate.java:427)
	at com.sun.proxy.$Proxy8.insert(Unknown Source)
	at org.mybatis.spring.SqlSessionTemplate.insert(SqlSessionTemplate.java:272)
	at com.site.meinsite.member.model.dao.MemberDao.insertMember(MemberDao.java:22)
	at com.site.meinsite.member.model.service.MemberServiceImpl.insertMember(MemberServiceImpl.java:26)
	at com.site.meinsite.member.controller.MemberController.memberInsert(MemberController.java:165)
	at java.base/jdk.internal.reflect.NativeMethodAccessorImpl.invoke0(Native Method)
	at java.base/jdk.internal.reflect.NativeMethodAccessorImpl.invoke(NativeMethodAccessorImpl.java:62)
	at java.base/jdk.internal.reflect.DelegatingMethodAccessorImpl.invoke(DelegatingMethodAccessorImpl.java:43)
	at java.base/java.lang.reflect.Method.invoke(Method.java:566)
	at org.springframework.web.method.support.InvocableHandlerMethod.doInvoke(InvocableHandlerMethod.java:205)
	at org.springframework.web.method.support.InvocableHandlerMethod.invokeForRequest(InvocableHandlerMethod.java:150)
	at org.springframework.web.servlet.mvc.method.annotation.ServletInvocableHandlerMethod.invokeAndHandle(ServletInvocableHandlerMethod.java:117)
	at org.springframework.web.servlet.mvc.method.annotation.RequestMappingHandlerAdapter.invokeHandlerMethod(RequestMappingHandlerAdapter.java:895)
	at org.springframework.web.servlet.mvc.method.annotation.RequestMappingHandlerAdapter.handleInternal(RequestMappingHandlerAdapter.java:808)
	at org.springframework.web.servlet.mvc.method.AbstractHandlerMethodAdapter.handle(AbstractHandlerMethodAdapter.java:87)
	at org.springframework.web.servlet.DispatcherServlet.doDispatch(DispatcherServlet.java:1067)
	at org.springframework.web.servlet.DispatcherServlet.doService(DispatcherServlet.java:963)
	at org.springframework.web.servlet.FrameworkServlet.processRequest(FrameworkServlet.java:1006)
	at org.springframework.web.servlet.FrameworkServlet.doPost(FrameworkServlet.java:909)
	at javax.servlet.http.HttpServlet.service(HttpServlet.java:681)
	at org.springframework.web.servlet.FrameworkServlet.service(FrameworkServlet.java:883)
	at javax.servlet.http.HttpServlet.service(HttpServlet.java:764)
	at org.apache.catalina.core.ApplicationFilterChain.internalDoFilter(ApplicationFilterChain.java:227)
	at org.apache.catalina.core.ApplicationFilterChain.doFilter(ApplicationFilterChain.java:162)
	at org.apache.tomcat.websocket.server.WsFilter.doFilter(WsFilter.java:53)
	at org.apache.catalina.core.ApplicationFilterChain.internalDoFilter(ApplicationFilterChain.java:189)
	at org.apache.catalina.core.ApplicationFilterChain.doFilter(ApplicationFilterChain.java:162)
	at org.springframework.web.filter.CharacterEncodingFilter.doFilterInternal(CharacterEncodingFilter.java:201)
	at org.springframework.web.filter.OncePerRequestFilter.doFilter(OncePerRequestFilter.java:117)
	at org.apache.catalina.core.ApplicationFilterChain.internalDoFilter(ApplicationFilterChain.java:189)
	at org.apache.catalina.core.ApplicationFilterChain.doFilter(ApplicationFilterChain.java:162)
	at org.apache.catalina.core.StandardWrapperValve.invoke(StandardWrapperValve.java:197)
	at org.apache.catalina.core.StandardContextValve.invoke(StandardContextValve.java:97)
	at org.apache.catalina.authenticator.AuthenticatorBase.invoke(AuthenticatorBase.java:541)
	at org.apache.catalina.core.StandardHostValve.invoke(StandardHostValve.java:135)
	at org.apache.catalina.valves.ErrorReportValve.invoke(ErrorReportValve.java:92)
	at org.apache.catalina.valves.AbstractAccessLogValve.invoke(AbstractAccessLogValve.java:687)
	at org.apache.catalina.core.StandardEngineValve.invoke(StandardEngineValve.java:78)
	at org.apache.catalina.connector.CoyoteAdapter.service(CoyoteAdapter.java:360)
	at org.apache.coyote.http11.Http11Processor.service(Http11Processor.java:399)
	at org.apache.coyote.AbstractProcessorLight.process(AbstractProcessorLight.java:65)
	at org.apache.coyote.AbstractProtocol$ConnectionHandler.process(AbstractProtocol.java:890)
	at org.apache.tomcat.util.net.NioEndpoint$SocketProcessor.doRun(NioEndpoint.java:1743)
	at org.apache.tomcat.util.net.SocketProcessorBase.run(SocketProcessorBase.java:49)
	at org.apache.tomcat.util.threads.ThreadPoolExecutor.runWorker(ThreadPoolExecutor.java:1191)
	at org.apache.tomcat.util.threads.ThreadPoolExecutor$Worker.run(ThreadPoolExecutor.java:659)
	at org.apache.tomcat.util.threads.TaskThread$WrappingRunnable.run(TaskThread.java:61)
	at java.base/java.lang.Thread.run(Thread.java:834)
Caused by: Error : 1, Position : 0, Sql = insert into member (userid, userpwd, username, email, loginok, admin, enroll_date)
		values (:1 , :2 , :3 , :4 , default, default, default), OriginalSql = insert into member (userid, userpwd, username, email, loginok, admin, enroll_date)
		values (?, ?, ?, ?, default, default, default), Error Msg = ORA-00001: 무결성 제약 조건(C##PROJECT.PK_MEMBER_UID)에 위배됩니다

	at oracle.jdbc.driver.T4CTTIoer11.processError(T4CTTIoer11.java:498)
	... 75 more
[16:13:50][ERROR][Slf4jSpyLogDelegator.java:139] - 6. PreparedStatement.execute() FAILED! insert into member (userid, userpwd, username, email, loginok, admin, enroll_date)
		values ('kim1234', '$2a$10$rTdr/zRdeitVHeqVBqV7wOiq..2HuacBClMlN6fO3UINsDMDtFG0S', '강수진', 'mblk2013@daum.net', default, default, default) {FAILED after 31 msec}
java.sql.SQLIntegrityConstraintViolationException: ORA-00001: 무결성 제약 조건(C##PROJECT.PK_MEMBER_UID)에 위배됩니다

	at oracle.jdbc.driver.T4CTTIoer11.processError(T4CTTIoer11.java:494)
	at oracle.jdbc.driver.T4CTTIoer11.processError(T4CTTIoer11.java:446)
	at oracle.jdbc.driver.T4C8Oall.processError(T4C8Oall.java:1052)
	at oracle.jdbc.driver.T4CTTIfun.receive(T4CTTIfun.java:537)
	at oracle.jdbc.driver.T4CTTIfun.doRPC(T4CTTIfun.java:255)
	at oracle.jdbc.driver.T4C8Oall.doOALL(T4C8Oall.java:610)
	at oracle.jdbc.driver.T4CPreparedStatement.doOall8(T4CPreparedStatement.java:253)
	at oracle.jdbc.driver.T4CPreparedStatement.doOall8(T4CPreparedStatement.java:86)
	at oracle.jdbc.driver.T4CPreparedStatement.executeForRows(T4CPreparedStatement.java:928)
	at oracle.jdbc.driver.OracleStatement.doExecuteWithTimeout(OracleStatement.java:1136)
	at oracle.jdbc.driver.OraclePreparedStatement.executeInternal(OraclePreparedStatement.java:3640)
	at oracle.jdbc.driver.T4CPreparedStatement.executeInternal(T4CPreparedStatement.java:1384)
	at oracle.jdbc.driver.OraclePreparedStatement.execute(OraclePreparedStatement.java:3752)
	at oracle.jdbc.driver.OraclePreparedStatementWrapper.execute(OraclePreparedStatementWrapper.java:1079)
	at org.apache.commons.dbcp.DelegatingPreparedStatement.execute(DelegatingPreparedStatement.java:172)
	at org.apache.commons.dbcp.DelegatingPreparedStatement.execute(DelegatingPreparedStatement.java:172)
	at net.sf.log4jdbc.PreparedStatementSpy.execute(PreparedStatementSpy.java:418)
	at org.apache.ibatis.executor.statement.PreparedStatementHandler.update(PreparedStatementHandler.java:47)
	at org.apache.ibatis.executor.statement.RoutingStatementHandler.update(RoutingStatementHandler.java:74)
	at org.apache.ibatis.executor.SimpleExecutor.doUpdate(SimpleExecutor.java:50)
	at org.apache.ibatis.executor.BaseExecutor.update(BaseExecutor.java:117)
	at org.apache.ibatis.session.defaults.DefaultSqlSession.update(DefaultSqlSession.java:197)
	at org.apache.ibatis.session.defaults.DefaultSqlSession.insert(DefaultSqlSession.java:184)
	at java.base/jdk.internal.reflect.NativeMethodAccessorImpl.invoke0(Native Method)
	at java.base/jdk.internal.reflect.NativeMethodAccessorImpl.invoke(NativeMethodAccessorImpl.java:62)
	at java.base/jdk.internal.reflect.DelegatingMethodAccessorImpl.invoke(DelegatingMethodAccessorImpl.java:43)
	at java.base/java.lang.reflect.Method.invoke(Method.java:566)
	at org.mybatis.spring.SqlSessionTemplate$SqlSessionInterceptor.invoke(SqlSessionTemplate.java:427)
	at com.sun.proxy.$Proxy8.insert(Unknown Source)
	at org.mybatis.spring.SqlSessionTemplate.insert(SqlSessionTemplate.java:272)
	at com.site.meinsite.member.model.dao.MemberDao.insertMember(MemberDao.java:22)
	at com.site.meinsite.member.model.service.MemberServiceImpl.insertMember(MemberServiceImpl.java:26)
	at com.site.meinsite.member.controller.MemberController.memberInsert(MemberController.java:165)
	at java.base/jdk.internal.reflect.NativeMethodAccessorImpl.invoke0(Native Method)
	at java.base/jdk.internal.reflect.NativeMethodAccessorImpl.invoke(NativeMethodAccessorImpl.java:62)
	at java.base/jdk.internal.reflect.DelegatingMethodAccessorImpl.invoke(DelegatingMethodAccessorImpl.java:43)
	at java.base/java.lang.reflect.Method.invoke(Method.java:566)
	at org.springframework.web.method.support.InvocableHandlerMethod.doInvoke(InvocableHandlerMethod.java:205)
	at org.springframework.web.method.support.InvocableHandlerMethod.invokeForRequest(InvocableHandlerMethod.java:150)
	at org.springframework.web.servlet.mvc.method.annotation.ServletInvocableHandlerMethod.invokeAndHandle(ServletInvocableHandlerMethod.java:117)
	at org.springframework.web.servlet.mvc.method.annotation.RequestMappingHandlerAdapter.invokeHandlerMethod(RequestMappingHandlerAdapter.java:895)
	at org.springframework.web.servlet.mvc.method.annotation.RequestMappingHandlerAdapter.handleInternal(RequestMappingHandlerAdapter.java:808)
	at org.springframework.web.servlet.mvc.method.AbstractHandlerMethodAdapter.handle(AbstractHandlerMethodAdapter.java:87)
	at org.springframework.web.servlet.DispatcherServlet.doDispatch(DispatcherServlet.java:1067)
	at org.springframework.web.servlet.DispatcherServlet.doService(DispatcherServlet.java:963)
	at org.springframework.web.servlet.FrameworkServlet.processRequest(FrameworkServlet.java:1006)
	at org.springframework.web.servlet.FrameworkServlet.doPost(FrameworkServlet.java:909)
	at javax.servlet.http.HttpServlet.service(HttpServlet.java:681)
	at org.springframework.web.servlet.FrameworkServlet.service(FrameworkServlet.java:883)
	at javax.servlet.http.HttpServlet.service(HttpServlet.java:764)
	at org.apache.catalina.core.ApplicationFilterChain.internalDoFilter(ApplicationFilterChain.java:227)
	at org.apache.catalina.core.ApplicationFilterChain.doFilter(ApplicationFilterChain.java:162)
	at org.apache.tomcat.websocket.server.WsFilter.doFilter(WsFilter.java:53)
	at org.apache.catalina.core.ApplicationFilterChain.internalDoFilter(ApplicationFilterChain.java:189)
	at org.apache.catalina.core.ApplicationFilterChain.doFilter(ApplicationFilterChain.java:162)
	at org.springframework.web.filter.CharacterEncodingFilter.doFilterInternal(CharacterEncodingFilter.java:201)
	at org.springframework.web.filter.OncePerRequestFilter.doFilter(OncePerRequestFilter.java:117)
	at org.apache.catalina.core.ApplicationFilterChain.internalDoFilter(ApplicationFilterChain.java:189)
	at org.apache.catalina.core.ApplicationFilterChain.doFilter(ApplicationFilterChain.java:162)
	at org.apache.catalina.core.StandardWrapperValve.invoke(StandardWrapperValve.java:197)
	at org.apache.catalina.core.StandardContextValve.invoke(StandardContextValve.java:97)
	at org.apache.catalina.authenticator.AuthenticatorBase.invoke(AuthenticatorBase.java:541)
	at org.apache.catalina.core.StandardHostValve.invoke(StandardHostValve.java:135)
	at org.apache.catalina.valves.ErrorReportValve.invoke(ErrorReportValve.java:92)
	at org.apache.catalina.valves.AbstractAccessLogValve.invoke(AbstractAccessLogValve.java:687)
	at org.apache.catalina.core.StandardEngineValve.invoke(StandardEngineValve.java:78)
	at org.apache.catalina.connector.CoyoteAdapter.service(CoyoteAdapter.java:360)
	at org.apache.coyote.http11.Http11Processor.service(Http11Processor.java:399)
	at org.apache.coyote.AbstractProcessorLight.process(AbstractProcessorLight.java:65)
	at org.apache.coyote.AbstractProtocol$ConnectionHandler.process(AbstractProtocol.java:890)
	at org.apache.tomcat.util.net.NioEndpoint$SocketProcessor.doRun(NioEndpoint.java:1743)
	at org.apache.tomcat.util.net.SocketProcessorBase.run(SocketProcessorBase.java:49)
	at org.apache.tomcat.util.threads.ThreadPoolExecutor.runWorker(ThreadPoolExecutor.java:1191)
	at org.apache.tomcat.util.threads.ThreadPoolExecutor$Worker.run(ThreadPoolExecutor.java:659)
	at org.apache.tomcat.util.threads.TaskThread$WrappingRunnable.run(TaskThread.java:61)
	at java.base/java.lang.Thread.run(Thread.java:834)
Caused by: Error : 1, Position : 0, Sql = insert into member (userid, userpwd, username, email, loginok, admin, enroll_date)
		values (:1 , :2 , :3 , :4 , default, default, default), OriginalSql = insert into member (userid, userpwd, username, email, loginok, admin, enroll_date)
		values (?, ?, ?, ?, default, default, default), Error Msg = ORA-00001: 무결성 제약 조건(C##PROJECT.PK_MEMBER_UID)에 위배됩니다

	at oracle.jdbc.driver.T4CTTIoer11.processError(T4CTTIoer11.java:498)
	... 75 more
[16:14:01][ERROR][Slf4jSpyLogDelegator.java:120] - 8. PreparedStatement.execute() insert into member (userid, userpwd, username, email, loginok, admin, enroll_date)
		values ('kim1234', '$2a$10$ZNr1tisGOBxkNLEij5DXxeuuaKTqYb4Wsu0ImNiIBpTzo/WLUwZMS', '강수진', 'mblk2013@daum.net', default, default, default)
java.sql.SQLIntegrityConstraintViolationException: ORA-00001: 무결성 제약 조건(C##PROJECT.PK_MEMBER_UID)에 위배됩니다

	at oracle.jdbc.driver.T4CTTIoer11.processError(T4CTTIoer11.java:494)
	at oracle.jdbc.driver.T4CTTIoer11.processError(T4CTTIoer11.java:446)
	at oracle.jdbc.driver.T4C8Oall.processError(T4C8Oall.java:1052)
	at oracle.jdbc.driver.T4CTTIfun.receive(T4CTTIfun.java:537)
	at oracle.jdbc.driver.T4CTTIfun.doRPC(T4CTTIfun.java:255)
	at oracle.jdbc.driver.T4C8Oall.doOALL(T4C8Oall.java:610)
	at oracle.jdbc.driver.T4CPreparedStatement.doOall8(T4CPreparedStatement.java:253)
	at oracle.jdbc.driver.T4CPreparedStatement.doOall8(T4CPreparedStatement.java:86)
	at oracle.jdbc.driver.T4CPreparedStatement.executeForRows(T4CPreparedStatement.java:928)
	at oracle.jdbc.driver.OracleStatement.doExecuteWithTimeout(OracleStatement.java:1136)
	at oracle.jdbc.driver.OraclePreparedStatement.executeInternal(OraclePreparedStatement.java:3640)
	at oracle.jdbc.driver.T4CPreparedStatement.executeInternal(T4CPreparedStatement.java:1384)
	at oracle.jdbc.driver.OraclePreparedStatement.execute(OraclePreparedStatement.java:3752)
	at oracle.jdbc.driver.OraclePreparedStatementWrapper.execute(OraclePreparedStatementWrapper.java:1079)
	at org.apache.commons.dbcp.DelegatingPreparedStatement.execute(DelegatingPreparedStatement.java:172)
	at org.apache.commons.dbcp.DelegatingPreparedStatement.execute(DelegatingPreparedStatement.java:172)
	at net.sf.log4jdbc.PreparedStatementSpy.execute(PreparedStatementSpy.java:418)
	at org.apache.ibatis.executor.statement.PreparedStatementHandler.update(PreparedStatementHandler.java:47)
	at org.apache.ibatis.executor.statement.RoutingStatementHandler.update(RoutingStatementHandler.java:74)
	at org.apache.ibatis.executor.SimpleExecutor.doUpdate(SimpleExecutor.java:50)
	at org.apache.ibatis.executor.BaseExecutor.update(BaseExecutor.java:117)
	at org.apache.ibatis.session.defaults.DefaultSqlSession.update(DefaultSqlSession.java:197)
	at org.apache.ibatis.session.defaults.DefaultSqlSession.insert(DefaultSqlSession.java:184)
	at java.base/jdk.internal.reflect.NativeMethodAccessorImpl.invoke0(Native Method)
	at java.base/jdk.internal.reflect.NativeMethodAccessorImpl.invoke(NativeMethodAccessorImpl.java:62)
	at java.base/jdk.internal.reflect.DelegatingMethodAccessorImpl.invoke(DelegatingMethodAccessorImpl.java:43)
	at java.base/java.lang.reflect.Method.invoke(Method.java:566)
	at org.mybatis.spring.SqlSessionTemplate$SqlSessionInterceptor.invoke(SqlSessionTemplate.java:427)
	at com.sun.proxy.$Proxy8.insert(Unknown Source)
	at org.mybatis.spring.SqlSessionTemplate.insert(SqlSessionTemplate.java:272)
	at com.site.meinsite.member.model.dao.MemberDao.insertMember(MemberDao.java:22)
	at com.site.meinsite.member.model.service.MemberServiceImpl.insertMember(MemberServiceImpl.java:26)
	at com.site.meinsite.member.controller.MemberController.memberInsert(MemberController.java:165)
	at java.base/jdk.internal.reflect.NativeMethodAccessorImpl.invoke0(Native Method)
	at java.base/jdk.internal.reflect.NativeMethodAccessorImpl.invoke(NativeMethodAccessorImpl.java:62)
	at java.base/jdk.internal.reflect.DelegatingMethodAccessorImpl.invoke(DelegatingMethodAccessorImpl.java:43)
	at java.base/java.lang.reflect.Method.invoke(Method.java:566)
	at org.springframework.web.method.support.InvocableHandlerMethod.doInvoke(InvocableHandlerMethod.java:205)
	at org.springframework.web.method.support.InvocableHandlerMethod.invokeForRequest(InvocableHandlerMethod.java:150)
	at org.springframework.web.servlet.mvc.method.annotation.ServletInvocableHandlerMethod.invokeAndHandle(ServletInvocableHandlerMethod.java:117)
	at org.springframework.web.servlet.mvc.method.annotation.RequestMappingHandlerAdapter.invokeHandlerMethod(RequestMappingHandlerAdapter.java:895)
	at org.springframework.web.servlet.mvc.method.annotation.RequestMappingHandlerAdapter.handleInternal(RequestMappingHandlerAdapter.java:808)
	at org.springframework.web.servlet.mvc.method.AbstractHandlerMethodAdapter.handle(AbstractHandlerMethodAdapter.java:87)
	at org.springframework.web.servlet.DispatcherServlet.doDispatch(DispatcherServlet.java:1067)
	at org.springframework.web.servlet.DispatcherServlet.doService(DispatcherServlet.java:963)
	at org.springframework.web.servlet.FrameworkServlet.processRequest(FrameworkServlet.java:1006)
	at org.springframework.web.servlet.FrameworkServlet.doPost(FrameworkServlet.java:909)
	at javax.servlet.http.HttpServlet.service(HttpServlet.java:681)
	at org.springframework.web.servlet.FrameworkServlet.service(FrameworkServlet.java:883)
	at javax.servlet.http.HttpServlet.service(HttpServlet.java:764)
	at org.apache.catalina.core.ApplicationFilterChain.internalDoFilter(ApplicationFilterChain.java:227)
	at org.apache.catalina.core.ApplicationFilterChain.doFilter(ApplicationFilterChain.java:162)
	at org.apache.tomcat.websocket.server.WsFilter.doFilter(WsFilter.java:53)
	at org.apache.catalina.core.ApplicationFilterChain.internalDoFilter(ApplicationFilterChain.java:189)
	at org.apache.catalina.core.ApplicationFilterChain.doFilter(ApplicationFilterChain.java:162)
	at org.springframework.web.filter.CharacterEncodingFilter.doFilterInternal(CharacterEncodingFilter.java:201)
	at org.springframework.web.filter.OncePerRequestFilter.doFilter(OncePerRequestFilter.java:117)
	at org.apache.catalina.core.ApplicationFilterChain.internalDoFilter(ApplicationFilterChain.java:189)
	at org.apache.catalina.core.ApplicationFilterChain.doFilter(ApplicationFilterChain.java:162)
	at org.apache.catalina.core.StandardWrapperValve.invoke(StandardWrapperValve.java:197)
	at org.apache.catalina.core.StandardContextValve.invoke(StandardContextValve.java:97)
	at org.apache.catalina.authenticator.AuthenticatorBase.invoke(AuthenticatorBase.java:541)
	at org.apache.catalina.core.StandardHostValve.invoke(StandardHostValve.java:135)
	at org.apache.catalina.valves.ErrorReportValve.invoke(ErrorReportValve.java:92)
	at org.apache.catalina.valves.AbstractAccessLogValve.invoke(AbstractAccessLogValve.java:687)
	at org.apache.catalina.core.StandardEngineValve.invoke(StandardEngineValve.java:78)
	at org.apache.catalina.connector.CoyoteAdapter.service(CoyoteAdapter.java:360)
	at org.apache.coyote.http11.Http11Processor.service(Http11Processor.java:399)
	at org.apache.coyote.AbstractProcessorLight.process(AbstractProcessorLight.java:65)
	at org.apache.coyote.AbstractProtocol$ConnectionHandler.process(AbstractProtocol.java:890)
	at org.apache.tomcat.util.net.NioEndpoint$SocketProcessor.doRun(NioEndpoint.java:1743)
	at org.apache.tomcat.util.net.SocketProcessorBase.run(SocketProcessorBase.java:49)
	at org.apache.tomcat.util.threads.ThreadPoolExecutor.runWorker(ThreadPoolExecutor.java:1191)
	at org.apache.tomcat.util.threads.ThreadPoolExecutor$Worker.run(ThreadPoolExecutor.java:659)
	at org.apache.tomcat.util.threads.TaskThread$WrappingRunnable.run(TaskThread.java:61)
	at java.base/java.lang.Thread.run(Thread.java:834)
Caused by: Error : 1, Position : 0, Sql = insert into member (userid, userpwd, username, email, loginok, admin, enroll_date)
		values (:1 , :2 , :3 , :4 , default, default, default), OriginalSql = insert into member (userid, userpwd, username, email, loginok, admin, enroll_date)
		values (?, ?, ?, ?, default, default, default), Error Msg = ORA-00001: 무결성 제약 조건(C##PROJECT.PK_MEMBER_UID)에 위배됩니다

	at oracle.jdbc.driver.T4CTTIoer11.processError(T4CTTIoer11.java:498)
	... 75 more
[16:14:01][ERROR][Slf4jSpyLogDelegator.java:139] - 8. PreparedStatement.execute() FAILED! insert into member (userid, userpwd, username, email, loginok, admin, enroll_date)
		values ('kim1234', '$2a$10$ZNr1tisGOBxkNLEij5DXxeuuaKTqYb4Wsu0ImNiIBpTzo/WLUwZMS', '강수진', 'mblk2013@daum.net', default, default, default) {FAILED after 2 msec}
java.sql.SQLIntegrityConstraintViolationException: ORA-00001: 무결성 제약 조건(C##PROJECT.PK_MEMBER_UID)에 위배됩니다

	at oracle.jdbc.driver.T4CTTIoer11.processError(T4CTTIoer11.java:494)
	at oracle.jdbc.driver.T4CTTIoer11.processError(T4CTTIoer11.java:446)
	at oracle.jdbc.driver.T4C8Oall.processError(T4C8Oall.java:1052)
	at oracle.jdbc.driver.T4CTTIfun.receive(T4CTTIfun.java:537)
	at oracle.jdbc.driver.T4CTTIfun.doRPC(T4CTTIfun.java:255)
	at oracle.jdbc.driver.T4C8Oall.doOALL(T4C8Oall.java:610)
	at oracle.jdbc.driver.T4CPreparedStatement.doOall8(T4CPreparedStatement.java:253)
	at oracle.jdbc.driver.T4CPreparedStatement.doOall8(T4CPreparedStatement.java:86)
	at oracle.jdbc.driver.T4CPreparedStatement.executeForRows(T4CPreparedStatement.java:928)
	at oracle.jdbc.driver.OracleStatement.doExecuteWithTimeout(OracleStatement.java:1136)
	at oracle.jdbc.driver.OraclePreparedStatement.executeInternal(OraclePreparedStatement.java:3640)
	at oracle.jdbc.driver.T4CPreparedStatement.executeInternal(T4CPreparedStatement.java:1384)
	at oracle.jdbc.driver.OraclePreparedStatement.execute(OraclePreparedStatement.java:3752)
	at oracle.jdbc.driver.OraclePreparedStatementWrapper.execute(OraclePreparedStatementWrapper.java:1079)
	at org.apache.commons.dbcp.DelegatingPreparedStatement.execute(DelegatingPreparedStatement.java:172)
	at org.apache.commons.dbcp.DelegatingPreparedStatement.execute(DelegatingPreparedStatement.java:172)
	at net.sf.log4jdbc.PreparedStatementSpy.execute(PreparedStatementSpy.java:418)
	at org.apache.ibatis.executor.statement.PreparedStatementHandler.update(PreparedStatementHandler.java:47)
	at org.apache.ibatis.executor.statement.RoutingStatementHandler.update(RoutingStatementHandler.java:74)
	at org.apache.ibatis.executor.SimpleExecutor.doUpdate(SimpleExecutor.java:50)
	at org.apache.ibatis.executor.BaseExecutor.update(BaseExecutor.java:117)
	at org.apache.ibatis.session.defaults.DefaultSqlSession.update(DefaultSqlSession.java:197)
	at org.apache.ibatis.session.defaults.DefaultSqlSession.insert(DefaultSqlSession.java:184)
	at java.base/jdk.internal.reflect.NativeMethodAccessorImpl.invoke0(Native Method)
	at java.base/jdk.internal.reflect.NativeMethodAccessorImpl.invoke(NativeMethodAccessorImpl.java:62)
	at java.base/jdk.internal.reflect.DelegatingMethodAccessorImpl.invoke(DelegatingMethodAccessorImpl.java:43)
	at java.base/java.lang.reflect.Method.invoke(Method.java:566)
	at org.mybatis.spring.SqlSessionTemplate$SqlSessionInterceptor.invoke(SqlSessionTemplate.java:427)
	at com.sun.proxy.$Proxy8.insert(Unknown Source)
	at org.mybatis.spring.SqlSessionTemplate.insert(SqlSessionTemplate.java:272)
	at com.site.meinsite.member.model.dao.MemberDao.insertMember(MemberDao.java:22)
	at com.site.meinsite.member.model.service.MemberServiceImpl.insertMember(MemberServiceImpl.java:26)
	at com.site.meinsite.member.controller.MemberController.memberInsert(MemberController.java:165)
	at java.base/jdk.internal.reflect.NativeMethodAccessorImpl.invoke0(Native Method)
	at java.base/jdk.internal.reflect.NativeMethodAccessorImpl.invoke(NativeMethodAccessorImpl.java:62)
	at java.base/jdk.internal.reflect.DelegatingMethodAccessorImpl.invoke(DelegatingMethodAccessorImpl.java:43)
	at java.base/java.lang.reflect.Method.invoke(Method.java:566)
	at org.springframework.web.method.support.InvocableHandlerMethod.doInvoke(InvocableHandlerMethod.java:205)
	at org.springframework.web.method.support.InvocableHandlerMethod.invokeForRequest(InvocableHandlerMethod.java:150)
	at org.springframework.web.servlet.mvc.method.annotation.ServletInvocableHandlerMethod.invokeAndHandle(ServletInvocableHandlerMethod.java:117)
	at org.springframework.web.servlet.mvc.method.annotation.RequestMappingHandlerAdapter.invokeHandlerMethod(RequestMappingHandlerAdapter.java:895)
	at org.springframework.web.servlet.mvc.method.annotation.RequestMappingHandlerAdapter.handleInternal(RequestMappingHandlerAdapter.java:808)
	at org.springframework.web.servlet.mvc.method.AbstractHandlerMethodAdapter.handle(AbstractHandlerMethodAdapter.java:87)
	at org.springframework.web.servlet.DispatcherServlet.doDispatch(DispatcherServlet.java:1067)
	at org.springframework.web.servlet.DispatcherServlet.doService(DispatcherServlet.java:963)
	at org.springframework.web.servlet.FrameworkServlet.processRequest(FrameworkServlet.java:1006)
	at org.springframework.web.servlet.FrameworkServlet.doPost(FrameworkServlet.java:909)
	at javax.servlet.http.HttpServlet.service(HttpServlet.java:681)
	at org.springframework.web.servlet.FrameworkServlet.service(FrameworkServlet.java:883)
	at javax.servlet.http.HttpServlet.service(HttpServlet.java:764)
	at org.apache.catalina.core.ApplicationFilterChain.internalDoFilter(ApplicationFilterChain.java:227)
	at org.apache.catalina.core.ApplicationFilterChain.doFilter(ApplicationFilterChain.java:162)
	at org.apache.tomcat.websocket.server.WsFilter.doFilter(WsFilter.java:53)
	at org.apache.catalina.core.ApplicationFilterChain.internalDoFilter(ApplicationFilterChain.java:189)
	at org.apache.catalina.core.ApplicationFilterChain.doFilter(ApplicationFilterChain.java:162)
	at org.springframework.web.filter.CharacterEncodingFilter.doFilterInternal(CharacterEncodingFilter.java:201)
	at org.springframework.web.filter.OncePerRequestFilter.doFilter(OncePerRequestFilter.java:117)
	at org.apache.catalina.core.ApplicationFilterChain.internalDoFilter(ApplicationFilterChain.java:189)
	at org.apache.catalina.core.ApplicationFilterChain.doFilter(ApplicationFilterChain.java:162)
	at org.apache.catalina.core.StandardWrapperValve.invoke(StandardWrapperValve.java:197)
	at org.apache.catalina.core.StandardContextValve.invoke(StandardContextValve.java:97)
	at org.apache.catalina.authenticator.AuthenticatorBase.invoke(AuthenticatorBase.java:541)
	at org.apache.catalina.core.StandardHostValve.invoke(StandardHostValve.java:135)
	at org.apache.catalina.valves.ErrorReportValve.invoke(ErrorReportValve.java:92)
	at org.apache.catalina.valves.AbstractAccessLogValve.invoke(AbstractAccessLogValve.java:687)
	at org.apache.catalina.core.StandardEngineValve.invoke(StandardEngineValve.java:78)
	at org.apache.catalina.connector.CoyoteAdapter.service(CoyoteAdapter.java:360)
	at org.apache.coyote.http11.Http11Processor.service(Http11Processor.java:399)
	at org.apache.coyote.AbstractProcessorLight.process(AbstractProcessorLight.java:65)
	at org.apache.coyote.AbstractProtocol$ConnectionHandler.process(AbstractProtocol.java:890)
	at org.apache.tomcat.util.net.NioEndpoint$SocketProcessor.doRun(NioEndpoint.java:1743)
	at org.apache.tomcat.util.net.SocketProcessorBase.run(SocketProcessorBase.java:49)
	at org.apache.tomcat.util.threads.ThreadPoolExecutor.runWorker(ThreadPoolExecutor.java:1191)
	at org.apache.tomcat.util.threads.ThreadPoolExecutor$Worker.run(ThreadPoolExecutor.java:659)
	at org.apache.tomcat.util.threads.TaskThread$WrappingRunnable.run(TaskThread.java:61)
	at java.base/java.lang.Thread.run(Thread.java:834)
Caused by: Error : 1, Position : 0, Sql = insert into member (userid, userpwd, username, email, loginok, admin, enroll_date)
		values (:1 , :2 , :3 , :4 , default, default, default), OriginalSql = insert into member (userid, userpwd, username, email, loginok, admin, enroll_date)
		values (?, ?, ?, ?, default, default, default), Error Msg = ORA-00001: 무결성 제약 조건(C##PROJECT.PK_MEMBER_UID)에 위배됩니다

	at oracle.jdbc.driver.T4CTTIoer11.processError(T4CTTIoer11.java:498)
	... 75 more
[16:14:53][WARN ][DispatcherServlet.java:1278] - No mapping for POST /meinsite/ntop3.do
[16:14:53][WARN ][DispatcherServlet.java:1278] - No mapping for POST /meinsite/btop3.do
[16:16:31][INFO ][ContextLoader.java:271] - Root WebApplicationContext: initialization started
[16:16:33][INFO ][ContextLoader.java:307] - Root WebApplicationContext initialized in 1521 ms
[16:16:33][INFO ][FrameworkServlet.java:525] - Initializing Servlet 'appServlet'
[16:16:35][INFO ][FrameworkServlet.java:547] - Completed initialization in 1745 ms
[16:16:35][WARN ][DispatcherServlet.java:1278] - No mapping for POST /meinsite/ntop3.do
[16:16:35][WARN ][DispatcherServlet.java:1278] - No mapping for POST /meinsite/btop3.do
[16:16:43][WARN ][DispatcherServlet.java:1278] - No mapping for POST /meinsite/btop3.do
[16:16:43][WARN ][DispatcherServlet.java:1278] - No mapping for POST /meinsite/ntop3.do
[16:16:46][WARN ][DispatcherServlet.java:1278] - No mapping for POST /meinsite/ntop3.do
[16:16:46][WARN ][DispatcherServlet.java:1278] - No mapping for POST /meinsite/btop3.do
[16:22:17][INFO ][ContextLoader.java:271] - Root WebApplicationContext: initialization started
[16:22:18][INFO ][ContextLoader.java:307] - Root WebApplicationContext initialized in 1338 ms
[16:22:18][INFO ][FrameworkServlet.java:525] - Initializing Servlet 'appServlet'
[16:22:20][INFO ][FrameworkServlet.java:547] - Completed initialization in 1679 ms
[16:23:01][WARN ][DispatcherServlet.java:1278] - No mapping for POST /meinsite/btop3.do
[16:23:01][WARN ][DispatcherServlet.java:1278] - No mapping for POST /meinsite/ntop3.do
[16:24:09][WARN ][DispatcherServlet.java:1278] - No mapping for POST /meinsite/btop3.do
[16:24:09][WARN ][DispatcherServlet.java:1278] - No mapping for POST /meinsite/ntop3.do
[16:24:19][WARN ][DispatcherServlet.java:1278] - No mapping for POST /meinsite/btop3.do
[16:24:19][WARN ][DispatcherServlet.java:1278] - No mapping for POST /meinsite/ntop3.do
[16:24:22][WARN ][DispatcherServlet.java:1278] - No mapping for POST /meinsite/ntop3.do
[16:24:22][WARN ][DispatcherServlet.java:1278] - No mapping for POST /meinsite/btop3.do
[16:33:10][INFO ][ContextLoader.java:271] - Root WebApplicationContext: initialization started
[16:33:12][INFO ][ContextLoader.java:307] - Root WebApplicationContext initialized in 1395 ms
[16:33:12][INFO ][FrameworkServlet.java:525] - Initializing Servlet 'appServlet'
[16:33:13][INFO ][FrameworkServlet.java:547] - Completed initialization in 1664 ms
[16:33:39][WARN ][DispatcherServlet.java:1278] - No mapping for POST /meinsite/ntop3.do
[16:33:39][WARN ][DispatcherServlet.java:1278] - No mapping for POST /meinsite/btop3.do
[16:34:07][WARN ][DispatcherServlet.java:1278] - No mapping for POST /meinsite/ntop3.do
[16:34:07][WARN ][DispatcherServlet.java:1278] - No mapping for POST /meinsite/btop3.do
[16:34:43][WARN ][DispatcherServlet.java:1278] - No mapping for POST /meinsite/ntop3.do
[16:34:43][WARN ][DispatcherServlet.java:1278] - No mapping for POST /meinsite/btop3.do
[16:34:45][WARN ][DispatcherServlet.java:1278] - No mapping for POST /meinsite/ntop3.do
[16:34:45][WARN ][DispatcherServlet.java:1278] - No mapping for POST /meinsite/btop3.do
[16:37:56][INFO ][ContextLoader.java:271] - Root WebApplicationContext: initialization started
[16:37:58][INFO ][ContextLoader.java:307] - Root WebApplicationContext initialized in 1331 ms
[16:37:58][INFO ][FrameworkServlet.java:525] - Initializing Servlet 'appServlet'
[16:37:59][INFO ][FrameworkServlet.java:547] - Completed initialization in 1614 ms
[16:38:47][INFO ][ContextLoader.java:271] - Root WebApplicationContext: initialization started
[16:38:48][INFO ][ContextLoader.java:307] - Root WebApplicationContext initialized in 1483 ms
[16:38:48][INFO ][FrameworkServlet.java:525] - Initializing Servlet 'appServlet'
[16:38:50][INFO ][FrameworkServlet.java:547] - Completed initialization in 1890 ms
[16:39:00][WARN ][DispatcherServlet.java:1278] - No mapping for POST /meinsite/ntop3.do
[16:39:00][WARN ][DispatcherServlet.java:1278] - No mapping for POST /meinsite/btop3.do
[16:39:34][WARN ][DispatcherServlet.java:1278] - No mapping for POST /meinsite/ntop3.do
[16:39:34][WARN ][DispatcherServlet.java:1278] - No mapping for POST /meinsite/btop3.do
[16:39:41][WARN ][DispatcherServlet.java:1278] - No mapping for POST /meinsite/ntop3.do
[16:39:41][WARN ][DispatcherServlet.java:1278] - No mapping for POST /meinsite/btop3.do
[16:39:44][WARN ][DispatcherServlet.java:1278] - No mapping for POST /meinsite/ntop3.do
[16:39:44][WARN ][DispatcherServlet.java:1278] - No mapping for POST /meinsite/btop3.do
[16:39:59][INFO ][ContextLoader.java:271] - Root WebApplicationContext: initialization started
[16:40:00][INFO ][ContextLoader.java:307] - Root WebApplicationContext initialized in 1348 ms
[16:40:00][INFO ][FrameworkServlet.java:525] - Initializing Servlet 'appServlet'
[16:40:02][INFO ][FrameworkServlet.java:547] - Completed initialization in 1662 ms
[16:40:06][WARN ][DispatcherServlet.java:1278] - No mapping for POST /meinsite/btop3.do
[16:40:06][WARN ][DispatcherServlet.java:1278] - No mapping for POST /meinsite/ntop3.do
[16:40:43][WARN ][DispatcherServlet.java:1278] - No mapping for POST /meinsite/ntop3.do
[16:40:43][WARN ][DispatcherServlet.java:1278] - No mapping for POST /meinsite/btop3.do
[16:40:48][WARN ][DispatcherServlet.java:1278] - No mapping for POST /meinsite/btop3.do
[16:40:48][WARN ][DispatcherServlet.java:1278] - No mapping for POST /meinsite/ntop3.do
[16:40:50][WARN ][DispatcherServlet.java:1278] - No mapping for POST /meinsite/btop3.do
[16:40:50][WARN ][DispatcherServlet.java:1278] - No mapping for POST /meinsite/ntop3.do
[16:50:08][INFO ][ContextLoader.java:271] - Root WebApplicationContext: initialization started
[16:50:10][INFO ][ContextLoader.java:307] - Root WebApplicationContext initialized in 1420 ms
[16:50:10][INFO ][FrameworkServlet.java:525] - Initializing Servlet 'appServlet'
[16:50:12][INFO ][FrameworkServlet.java:547] - Completed initialization in 1699 ms
[16:50:57][WARN ][DispatcherServlet.java:1278] - No mapping for POST /meinsite/ntop3.do
[16:50:57][WARN ][DispatcherServlet.java:1278] - No mapping for POST /meinsite/btop3.do
[17:03:46][INFO ][ContextLoader.java:271] - Root WebApplicationContext: initialization started
[17:03:48][INFO ][ContextLoader.java:307] - Root WebApplicationContext initialized in 1426 ms
[17:03:48][INFO ][FrameworkServlet.java:525] - Initializing Servlet 'appServlet'
[17:03:50][INFO ][FrameworkServlet.java:547] - Completed initialization in 1804 ms
[17:03:53][WARN ][DispatcherServlet.java:1278] - No mapping for POST /meinsite/btop3.do
[17:03:53][WARN ][DispatcherServlet.java:1278] - No mapping for POST /meinsite/ntop3.do
[17:05:20][WARN ][DispatcherServlet.java:1278] - No mapping for POST /meinsite/btop3.do
[17:05:20][WARN ][DispatcherServlet.java:1278] - No mapping for POST /meinsite/ntop3.do
[17:11:18][INFO ][ContextLoader.java:271] - Root WebApplicationContext: initialization started
[17:11:19][INFO ][ContextLoader.java:307] - Root WebApplicationContext initialized in 1398 ms
[17:11:20][INFO ][FrameworkServlet.java:525] - Initializing Servlet 'appServlet'
[17:11:21][INFO ][FrameworkServlet.java:547] - Completed initialization in 1741 ms
[17:12:25][WARN ][DispatcherServlet.java:1278] - No mapping for POST /meinsite/btop3.do
[17:12:25][WARN ][DispatcherServlet.java:1278] - No mapping for POST /meinsite/ntop3.do
[17:12:58][INFO ][ContextLoader.java:271] - Root WebApplicationContext: initialization started
[17:12:59][INFO ][ContextLoader.java:307] - Root WebApplicationContext initialized in 1379 ms
[17:12:59][INFO ][FrameworkServlet.java:525] - Initializing Servlet 'appServlet'
[17:13:01][INFO ][FrameworkServlet.java:547] - Completed initialization in 1762 ms
[17:13:07][WARN ][DispatcherServlet.java:1278] - No mapping for POST /meinsite/ntop3.do
[17:13:07][WARN ][DispatcherServlet.java:1278] - No mapping for POST /meinsite/btop3.do
[17:14:07][WARN ][DispatcherServlet.java:1278] - No mapping for POST /meinsite/ntop3.do
[17:14:07][WARN ][DispatcherServlet.java:1278] - No mapping for POST /meinsite/btop3.do
[17:14:40][WARN ][DispatcherServlet.java:1278] - No mapping for POST /meinsite/btop3.do
[17:14:40][WARN ][DispatcherServlet.java:1278] - No mapping for POST /meinsite/ntop3.do
