[09:54:59][INFO ][ContextLoader.java:271] - Root WebApplicationContext: initialization started
[09:55:01][INFO ][ContextLoader.java:307] - Root WebApplicationContext initialized in 1408 ms
[09:55:01][INFO ][FrameworkServlet.java:525] - Initializing Servlet 'appServlet'
[09:55:03][INFO ][FrameworkServlet.java:547] - Completed initialization in 1894 ms
[09:55:10][WARN ][DispatcherServlet.java:1278] - No mapping for POST /meinsite/ntop3.do
[09:55:10][WARN ][DispatcherServlet.java:1278] - No mapping for POST /meinsite/btop3.do
[09:55:32][INFO ][ContextLoader.java:271] - Root WebApplicationContext: initialization started
[09:55:33][INFO ][ContextLoader.java:307] - Root WebApplicationContext initialized in 1301 ms
[09:55:33][INFO ][FrameworkServlet.java:525] - Initializing Servlet 'appServlet'
[09:55:35][INFO ][FrameworkServlet.java:547] - Completed initialization in 1851 ms
[09:55:35][WARN ][DispatcherServlet.java:1278] - No mapping for POST /meinsite/btop3.do
[09:55:35][WARN ][DispatcherServlet.java:1278] - No mapping for POST /meinsite/ntop3.do
[09:58:46][INFO ][ContextLoader.java:271] - Root WebApplicationContext: initialization started
[09:58:47][INFO ][ContextLoader.java:307] - Root WebApplicationContext initialized in 1328 ms
[09:58:47][INFO ][FrameworkServlet.java:525] - Initializing Servlet 'appServlet'
[09:58:49][INFO ][FrameworkServlet.java:547] - Completed initialization in 1741 ms
[10:07:40][INFO ][ContextLoader.java:271] - Root WebApplicationContext: initialization started
[10:07:41][INFO ][ContextLoader.java:307] - Root WebApplicationContext initialized in 1138 ms
[10:07:41][INFO ][FrameworkServlet.java:525] - Initializing Servlet 'appServlet'
[10:07:43][WARN ][AbstractApplicationContext.java:591] - Exception encountered during context initialization - cancelling refresh attempt: org.springframework.beans.factory.UnsatisfiedDependencyException: Error creating bean with name 'mailSendService': Unsatisfied dependency expressed through field 'mailSender'; nested exception is org.springframework.beans.factory.NoSuchBeanDefinitionException: No qualifying bean of type 'org.springframework.mail.javamail.JavaMailSenderImpl' available: expected at least 1 bean which qualifies as autowire candidate. Dependency annotations: {@org.springframework.beans.factory.annotation.Autowired(required=true)}
[10:07:43][ERROR][FrameworkServlet.java:534] - Context initialization failed
org.springframework.beans.factory.UnsatisfiedDependencyException: Error creating bean with name 'mailSendService': Unsatisfied dependency expressed through field 'mailSender'; nested exception is org.springframework.beans.factory.NoSuchBeanDefinitionException: No qualifying bean of type 'org.springframework.mail.javamail.JavaMailSenderImpl' available: expected at least 1 bean which qualifies as autowire candidate. Dependency annotations: {@org.springframework.beans.factory.annotation.Autowired(required=true)}
	at org.springframework.beans.factory.annotation.AutowiredAnnotationBeanPostProcessor$AutowiredFieldElement.resolveFieldValue(AutowiredAnnotationBeanPostProcessor.java:659)
	at org.springframework.beans.factory.annotation.AutowiredAnnotationBeanPostProcessor$AutowiredFieldElement.inject(AutowiredAnnotationBeanPostProcessor.java:639)
	at org.springframework.beans.factory.annotation.InjectionMetadata.inject(InjectionMetadata.java:119)
	at org.springframework.beans.factory.annotation.AutowiredAnnotationBeanPostProcessor.postProcessProperties(AutowiredAnnotationBeanPostProcessor.java:399)
	at org.springframework.beans.factory.support.AbstractAutowireCapableBeanFactory.populateBean(AbstractAutowireCapableBeanFactory.java:1431)
	at org.springframework.beans.factory.support.AbstractAutowireCapableBeanFactory.doCreateBean(AbstractAutowireCapableBeanFactory.java:619)
	at org.springframework.beans.factory.support.AbstractAutowireCapableBeanFactory.createBean(AbstractAutowireCapableBeanFactory.java:542)
	at org.springframework.beans.factory.support.AbstractBeanFactory.lambda$doGetBean$0(AbstractBeanFactory.java:335)
	at org.springframework.beans.factory.support.DefaultSingletonBeanRegistry.getSingleton(DefaultSingletonBeanRegistry.java:234)
	at org.springframework.beans.factory.support.AbstractBeanFactory.doGetBean(AbstractBeanFactory.java:333)
	at org.springframework.beans.factory.support.AbstractBeanFactory.getBean(AbstractBeanFactory.java:208)
	at org.springframework.beans.factory.support.DefaultListableBeanFactory.preInstantiateSingletons(DefaultListableBeanFactory.java:953)
	at org.springframework.context.support.AbstractApplicationContext.finishBeanFactoryInitialization(AbstractApplicationContext.java:918)
	at org.springframework.context.support.AbstractApplicationContext.refresh(AbstractApplicationContext.java:583)
	at org.springframework.web.servlet.FrameworkServlet.configureAndRefreshWebApplicationContext(FrameworkServlet.java:702)
	at org.springframework.web.servlet.FrameworkServlet.createWebApplicationContext(FrameworkServlet.java:668)
	at org.springframework.web.servlet.FrameworkServlet.createWebApplicationContext(FrameworkServlet.java:716)
	at org.springframework.web.servlet.FrameworkServlet.initWebApplicationContext(FrameworkServlet.java:591)
	at org.springframework.web.servlet.FrameworkServlet.initServletBean(FrameworkServlet.java:530)
	at org.springframework.web.servlet.HttpServletBean.init(HttpServletBean.java:170)
	at javax.servlet.GenericServlet.init(GenericServlet.java:158)
	at org.apache.catalina.core.StandardWrapper.initServlet(StandardWrapper.java:1164)
	at org.apache.catalina.core.StandardWrapper.loadServlet(StandardWrapper.java:1117)
	at org.apache.catalina.core.StandardWrapper.load(StandardWrapper.java:1010)
	at org.apache.catalina.core.StandardContext.loadOnStartup(StandardContext.java:4957)
	at org.apache.catalina.core.StandardContext.startInternal(StandardContext.java:5264)
	at org.apache.catalina.util.LifecycleBase.start(LifecycleBase.java:183)
	at org.apache.catalina.core.ContainerBase$StartChild.call(ContainerBase.java:1396)
	at org.apache.catalina.core.ContainerBase$StartChild.call(ContainerBase.java:1386)
	at java.base/java.util.concurrent.FutureTask.run(FutureTask.java:264)
	at org.apache.tomcat.util.threads.InlineExecutorService.execute(InlineExecutorService.java:75)
	at java.base/java.util.concurrent.AbstractExecutorService.submit(AbstractExecutorService.java:140)
	at org.apache.catalina.core.ContainerBase.startInternal(ContainerBase.java:919)
	at org.apache.catalina.core.StandardHost.startInternal(StandardHost.java:835)
	at org.apache.catalina.util.LifecycleBase.start(LifecycleBase.java:183)
	at org.apache.catalina.core.ContainerBase$StartChild.call(ContainerBase.java:1396)
	at org.apache.catalina.core.ContainerBase$StartChild.call(ContainerBase.java:1386)
	at java.base/java.util.concurrent.FutureTask.run(FutureTask.java:264)
	at org.apache.tomcat.util.threads.InlineExecutorService.execute(InlineExecutorService.java:75)
	at java.base/java.util.concurrent.AbstractExecutorService.submit(AbstractExecutorService.java:140)
	at org.apache.catalina.core.ContainerBase.startInternal(ContainerBase.java:919)
	at org.apache.catalina.core.StandardEngine.startInternal(StandardEngine.java:263)
	at org.apache.catalina.util.LifecycleBase.start(LifecycleBase.java:183)
	at org.apache.catalina.core.StandardService.startInternal(StandardService.java:432)
	at org.apache.catalina.util.LifecycleBase.start(LifecycleBase.java:183)
	at org.apache.catalina.core.StandardServer.startInternal(StandardServer.java:927)
	at org.apache.catalina.util.LifecycleBase.start(LifecycleBase.java:183)
	at org.apache.catalina.startup.Catalina.start(Catalina.java:772)
	at java.base/jdk.internal.reflect.NativeMethodAccessorImpl.invoke0(Native Method)
	at java.base/jdk.internal.reflect.NativeMethodAccessorImpl.invoke(NativeMethodAccessorImpl.java:62)
	at java.base/jdk.internal.reflect.DelegatingMethodAccessorImpl.invoke(DelegatingMethodAccessorImpl.java:43)
	at java.base/java.lang.reflect.Method.invoke(Method.java:566)
	at org.apache.catalina.startup.Bootstrap.start(Bootstrap.java:345)
	at org.apache.catalina.startup.Bootstrap.main(Bootstrap.java:476)
Caused by: org.springframework.beans.factory.NoSuchBeanDefinitionException: No qualifying bean of type 'org.springframework.mail.javamail.JavaMailSenderImpl' available: expected at least 1 bean which qualifies as autowire candidate. Dependency annotations: {@org.springframework.beans.factory.annotation.Autowired(required=true)}
	at org.springframework.beans.factory.support.DefaultListableBeanFactory.raiseNoMatchingBeanFound(DefaultListableBeanFactory.java:1799)
	at org.springframework.beans.factory.support.DefaultListableBeanFactory.doResolveDependency(DefaultListableBeanFactory.java:1355)
	at org.springframework.beans.factory.support.DefaultListableBeanFactory.resolveDependency(DefaultListableBeanFactory.java:1309)
	at org.springframework.beans.factory.annotation.AutowiredAnnotationBeanPostProcessor$AutowiredFieldElement.resolveFieldValue(AutowiredAnnotationBeanPostProcessor.java:656)
	... 53 more
[10:11:07][INFO ][ContextLoader.java:271] - Root WebApplicationContext: initialization started
[10:11:08][INFO ][ContextLoader.java:307] - Root WebApplicationContext initialized in 1195 ms
[10:11:08][INFO ][FrameworkServlet.java:525] - Initializing Servlet 'appServlet'
[10:11:09][WARN ][AbstractApplicationContext.java:591] - Exception encountered during context initialization - cancelling refresh attempt: org.springframework.beans.factory.UnsatisfiedDependencyException: Error creating bean with name 'mailSendService': Unsatisfied dependency expressed through field 'mailSender'; nested exception is org.springframework.beans.factory.NoSuchBeanDefinitionException: No qualifying bean of type 'org.springframework.mail.javamail.JavaMailSenderImpl' available: expected at least 1 bean which qualifies as autowire candidate. Dependency annotations: {@org.springframework.beans.factory.annotation.Autowired(required=true)}
[10:11:09][ERROR][FrameworkServlet.java:534] - Context initialization failed
org.springframework.beans.factory.UnsatisfiedDependencyException: Error creating bean with name 'mailSendService': Unsatisfied dependency expressed through field 'mailSender'; nested exception is org.springframework.beans.factory.NoSuchBeanDefinitionException: No qualifying bean of type 'org.springframework.mail.javamail.JavaMailSenderImpl' available: expected at least 1 bean which qualifies as autowire candidate. Dependency annotations: {@org.springframework.beans.factory.annotation.Autowired(required=true)}
	at org.springframework.beans.factory.annotation.AutowiredAnnotationBeanPostProcessor$AutowiredFieldElement.resolveFieldValue(AutowiredAnnotationBeanPostProcessor.java:659)
	at org.springframework.beans.factory.annotation.AutowiredAnnotationBeanPostProcessor$AutowiredFieldElement.inject(AutowiredAnnotationBeanPostProcessor.java:639)
	at org.springframework.beans.factory.annotation.InjectionMetadata.inject(InjectionMetadata.java:119)
	at org.springframework.beans.factory.annotation.AutowiredAnnotationBeanPostProcessor.postProcessProperties(AutowiredAnnotationBeanPostProcessor.java:399)
	at org.springframework.beans.factory.support.AbstractAutowireCapableBeanFactory.populateBean(AbstractAutowireCapableBeanFactory.java:1431)
	at org.springframework.beans.factory.support.AbstractAutowireCapableBeanFactory.doCreateBean(AbstractAutowireCapableBeanFactory.java:619)
	at org.springframework.beans.factory.support.AbstractAutowireCapableBeanFactory.createBean(AbstractAutowireCapableBeanFactory.java:542)
	at org.springframework.beans.factory.support.AbstractBeanFactory.lambda$doGetBean$0(AbstractBeanFactory.java:335)
	at org.springframework.beans.factory.support.DefaultSingletonBeanRegistry.getSingleton(DefaultSingletonBeanRegistry.java:234)
	at org.springframework.beans.factory.support.AbstractBeanFactory.doGetBean(AbstractBeanFactory.java:333)
	at org.springframework.beans.factory.support.AbstractBeanFactory.getBean(AbstractBeanFactory.java:208)
	at org.springframework.beans.factory.support.DefaultListableBeanFactory.preInstantiateSingletons(DefaultListableBeanFactory.java:953)
	at org.springframework.context.support.AbstractApplicationContext.finishBeanFactoryInitialization(AbstractApplicationContext.java:918)
	at org.springframework.context.support.AbstractApplicationContext.refresh(AbstractApplicationContext.java:583)
	at org.springframework.web.servlet.FrameworkServlet.configureAndRefreshWebApplicationContext(FrameworkServlet.java:702)
	at org.springframework.web.servlet.FrameworkServlet.createWebApplicationContext(FrameworkServlet.java:668)
	at org.springframework.web.servlet.FrameworkServlet.createWebApplicationContext(FrameworkServlet.java:716)
	at org.springframework.web.servlet.FrameworkServlet.initWebApplicationContext(FrameworkServlet.java:591)
	at org.springframework.web.servlet.FrameworkServlet.initServletBean(FrameworkServlet.java:530)
	at org.springframework.web.servlet.HttpServletBean.init(HttpServletBean.java:170)
	at javax.servlet.GenericServlet.init(GenericServlet.java:158)
	at org.apache.catalina.core.StandardWrapper.initServlet(StandardWrapper.java:1164)
	at org.apache.catalina.core.StandardWrapper.loadServlet(StandardWrapper.java:1117)
	at org.apache.catalina.core.StandardWrapper.load(StandardWrapper.java:1010)
	at org.apache.catalina.core.StandardContext.loadOnStartup(StandardContext.java:4957)
	at org.apache.catalina.core.StandardContext.startInternal(StandardContext.java:5264)
	at org.apache.catalina.util.LifecycleBase.start(LifecycleBase.java:183)
	at org.apache.catalina.core.ContainerBase$StartChild.call(ContainerBase.java:1396)
	at org.apache.catalina.core.ContainerBase$StartChild.call(ContainerBase.java:1386)
	at java.base/java.util.concurrent.FutureTask.run(FutureTask.java:264)
	at org.apache.tomcat.util.threads.InlineExecutorService.execute(InlineExecutorService.java:75)
	at java.base/java.util.concurrent.AbstractExecutorService.submit(AbstractExecutorService.java:140)
	at org.apache.catalina.core.ContainerBase.startInternal(ContainerBase.java:919)
	at org.apache.catalina.core.StandardHost.startInternal(StandardHost.java:835)
	at org.apache.catalina.util.LifecycleBase.start(LifecycleBase.java:183)
	at org.apache.catalina.core.ContainerBase$StartChild.call(ContainerBase.java:1396)
	at org.apache.catalina.core.ContainerBase$StartChild.call(ContainerBase.java:1386)
	at java.base/java.util.concurrent.FutureTask.run(FutureTask.java:264)
	at org.apache.tomcat.util.threads.InlineExecutorService.execute(InlineExecutorService.java:75)
	at java.base/java.util.concurrent.AbstractExecutorService.submit(AbstractExecutorService.java:140)
	at org.apache.catalina.core.ContainerBase.startInternal(ContainerBase.java:919)
	at org.apache.catalina.core.StandardEngine.startInternal(StandardEngine.java:263)
	at org.apache.catalina.util.LifecycleBase.start(LifecycleBase.java:183)
	at org.apache.catalina.core.StandardService.startInternal(StandardService.java:432)
	at org.apache.catalina.util.LifecycleBase.start(LifecycleBase.java:183)
	at org.apache.catalina.core.StandardServer.startInternal(StandardServer.java:927)
	at org.apache.catalina.util.LifecycleBase.start(LifecycleBase.java:183)
	at org.apache.catalina.startup.Catalina.start(Catalina.java:772)
	at java.base/jdk.internal.reflect.NativeMethodAccessorImpl.invoke0(Native Method)
	at java.base/jdk.internal.reflect.NativeMethodAccessorImpl.invoke(NativeMethodAccessorImpl.java:62)
	at java.base/jdk.internal.reflect.DelegatingMethodAccessorImpl.invoke(DelegatingMethodAccessorImpl.java:43)
	at java.base/java.lang.reflect.Method.invoke(Method.java:566)
	at org.apache.catalina.startup.Bootstrap.start(Bootstrap.java:345)
	at org.apache.catalina.startup.Bootstrap.main(Bootstrap.java:476)
Caused by: org.springframework.beans.factory.NoSuchBeanDefinitionException: No qualifying bean of type 'org.springframework.mail.javamail.JavaMailSenderImpl' available: expected at least 1 bean which qualifies as autowire candidate. Dependency annotations: {@org.springframework.beans.factory.annotation.Autowired(required=true)}
	at org.springframework.beans.factory.support.DefaultListableBeanFactory.raiseNoMatchingBeanFound(DefaultListableBeanFactory.java:1799)
	at org.springframework.beans.factory.support.DefaultListableBeanFactory.doResolveDependency(DefaultListableBeanFactory.java:1355)
	at org.springframework.beans.factory.support.DefaultListableBeanFactory.resolveDependency(DefaultListableBeanFactory.java:1309)
	at org.springframework.beans.factory.annotation.AutowiredAnnotationBeanPostProcessor$AutowiredFieldElement.resolveFieldValue(AutowiredAnnotationBeanPostProcessor.java:656)
	... 53 more
[10:14:22][INFO ][ContextLoader.java:271] - Root WebApplicationContext: initialization started
[10:14:23][INFO ][ContextLoader.java:307] - Root WebApplicationContext initialized in 1181 ms
[10:14:23][INFO ][FrameworkServlet.java:525] - Initializing Servlet 'appServlet'
[10:14:25][WARN ][AbstractApplicationContext.java:591] - Exception encountered during context initialization - cancelling refresh attempt: org.springframework.beans.factory.UnsatisfiedDependencyException: Error creating bean with name 'mailSendService': Unsatisfied dependency expressed through field 'mailSender'; nested exception is org.springframework.beans.factory.NoSuchBeanDefinitionException: No qualifying bean of type 'org.springframework.mail.javamail.JavaMailSenderImpl' available: expected at least 1 bean which qualifies as autowire candidate. Dependency annotations: {@org.springframework.beans.factory.annotation.Autowired(required=true)}
[10:14:25][ERROR][FrameworkServlet.java:534] - Context initialization failed
org.springframework.beans.factory.UnsatisfiedDependencyException: Error creating bean with name 'mailSendService': Unsatisfied dependency expressed through field 'mailSender'; nested exception is org.springframework.beans.factory.NoSuchBeanDefinitionException: No qualifying bean of type 'org.springframework.mail.javamail.JavaMailSenderImpl' available: expected at least 1 bean which qualifies as autowire candidate. Dependency annotations: {@org.springframework.beans.factory.annotation.Autowired(required=true)}
	at org.springframework.beans.factory.annotation.AutowiredAnnotationBeanPostProcessor$AutowiredFieldElement.resolveFieldValue(AutowiredAnnotationBeanPostProcessor.java:659)
	at org.springframework.beans.factory.annotation.AutowiredAnnotationBeanPostProcessor$AutowiredFieldElement.inject(AutowiredAnnotationBeanPostProcessor.java:639)
	at org.springframework.beans.factory.annotation.InjectionMetadata.inject(InjectionMetadata.java:119)
	at org.springframework.beans.factory.annotation.AutowiredAnnotationBeanPostProcessor.postProcessProperties(AutowiredAnnotationBeanPostProcessor.java:399)
	at org.springframework.beans.factory.support.AbstractAutowireCapableBeanFactory.populateBean(AbstractAutowireCapableBeanFactory.java:1431)
	at org.springframework.beans.factory.support.AbstractAutowireCapableBeanFactory.doCreateBean(AbstractAutowireCapableBeanFactory.java:619)
	at org.springframework.beans.factory.support.AbstractAutowireCapableBeanFactory.createBean(AbstractAutowireCapableBeanFactory.java:542)
	at org.springframework.beans.factory.support.AbstractBeanFactory.lambda$doGetBean$0(AbstractBeanFactory.java:335)
	at org.springframework.beans.factory.support.DefaultSingletonBeanRegistry.getSingleton(DefaultSingletonBeanRegistry.java:234)
	at org.springframework.beans.factory.support.AbstractBeanFactory.doGetBean(AbstractBeanFactory.java:333)
	at org.springframework.beans.factory.support.AbstractBeanFactory.getBean(AbstractBeanFactory.java:208)
	at org.springframework.beans.factory.support.DefaultListableBeanFactory.preInstantiateSingletons(DefaultListableBeanFactory.java:953)
	at org.springframework.context.support.AbstractApplicationContext.finishBeanFactoryInitialization(AbstractApplicationContext.java:918)
	at org.springframework.context.support.AbstractApplicationContext.refresh(AbstractApplicationContext.java:583)
	at org.springframework.web.servlet.FrameworkServlet.configureAndRefreshWebApplicationContext(FrameworkServlet.java:702)
	at org.springframework.web.servlet.FrameworkServlet.createWebApplicationContext(FrameworkServlet.java:668)
	at org.springframework.web.servlet.FrameworkServlet.createWebApplicationContext(FrameworkServlet.java:716)
	at org.springframework.web.servlet.FrameworkServlet.initWebApplicationContext(FrameworkServlet.java:591)
	at org.springframework.web.servlet.FrameworkServlet.initServletBean(FrameworkServlet.java:530)
	at org.springframework.web.servlet.HttpServletBean.init(HttpServletBean.java:170)
	at javax.servlet.GenericServlet.init(GenericServlet.java:158)
	at org.apache.catalina.core.StandardWrapper.initServlet(StandardWrapper.java:1164)
	at org.apache.catalina.core.StandardWrapper.loadServlet(StandardWrapper.java:1117)
	at org.apache.catalina.core.StandardWrapper.load(StandardWrapper.java:1010)
	at org.apache.catalina.core.StandardContext.loadOnStartup(StandardContext.java:4957)
	at org.apache.catalina.core.StandardContext.startInternal(StandardContext.java:5264)
	at org.apache.catalina.util.LifecycleBase.start(LifecycleBase.java:183)
	at org.apache.catalina.core.ContainerBase$StartChild.call(ContainerBase.java:1396)
	at org.apache.catalina.core.ContainerBase$StartChild.call(ContainerBase.java:1386)
	at java.base/java.util.concurrent.FutureTask.run(FutureTask.java:264)
	at org.apache.tomcat.util.threads.InlineExecutorService.execute(InlineExecutorService.java:75)
	at java.base/java.util.concurrent.AbstractExecutorService.submit(AbstractExecutorService.java:140)
	at org.apache.catalina.core.ContainerBase.startInternal(ContainerBase.java:919)
	at org.apache.catalina.core.StandardHost.startInternal(StandardHost.java:835)
	at org.apache.catalina.util.LifecycleBase.start(LifecycleBase.java:183)
	at org.apache.catalina.core.ContainerBase$StartChild.call(ContainerBase.java:1396)
	at org.apache.catalina.core.ContainerBase$StartChild.call(ContainerBase.java:1386)
	at java.base/java.util.concurrent.FutureTask.run(FutureTask.java:264)
	at org.apache.tomcat.util.threads.InlineExecutorService.execute(InlineExecutorService.java:75)
	at java.base/java.util.concurrent.AbstractExecutorService.submit(AbstractExecutorService.java:140)
	at org.apache.catalina.core.ContainerBase.startInternal(ContainerBase.java:919)
	at org.apache.catalina.core.StandardEngine.startInternal(StandardEngine.java:263)
	at org.apache.catalina.util.LifecycleBase.start(LifecycleBase.java:183)
	at org.apache.catalina.core.StandardService.startInternal(StandardService.java:432)
	at org.apache.catalina.util.LifecycleBase.start(LifecycleBase.java:183)
	at org.apache.catalina.core.StandardServer.startInternal(StandardServer.java:927)
	at org.apache.catalina.util.LifecycleBase.start(LifecycleBase.java:183)
	at org.apache.catalina.startup.Catalina.start(Catalina.java:772)
	at java.base/jdk.internal.reflect.NativeMethodAccessorImpl.invoke0(Native Method)
	at java.base/jdk.internal.reflect.NativeMethodAccessorImpl.invoke(NativeMethodAccessorImpl.java:62)
	at java.base/jdk.internal.reflect.DelegatingMethodAccessorImpl.invoke(DelegatingMethodAccessorImpl.java:43)
	at java.base/java.lang.reflect.Method.invoke(Method.java:566)
	at org.apache.catalina.startup.Bootstrap.start(Bootstrap.java:345)
	at org.apache.catalina.startup.Bootstrap.main(Bootstrap.java:476)
Caused by: org.springframework.beans.factory.NoSuchBeanDefinitionException: No qualifying bean of type 'org.springframework.mail.javamail.JavaMailSenderImpl' available: expected at least 1 bean which qualifies as autowire candidate. Dependency annotations: {@org.springframework.beans.factory.annotation.Autowired(required=true)}
	at org.springframework.beans.factory.support.DefaultListableBeanFactory.raiseNoMatchingBeanFound(DefaultListableBeanFactory.java:1799)
	at org.springframework.beans.factory.support.DefaultListableBeanFactory.doResolveDependency(DefaultListableBeanFactory.java:1355)
	at org.springframework.beans.factory.support.DefaultListableBeanFactory.resolveDependency(DefaultListableBeanFactory.java:1309)
	at org.springframework.beans.factory.annotation.AutowiredAnnotationBeanPostProcessor$AutowiredFieldElement.resolveFieldValue(AutowiredAnnotationBeanPostProcessor.java:656)
	... 53 more
[10:16:02][INFO ][ContextLoader.java:271] - Root WebApplicationContext: initialization started
[10:16:03][INFO ][ContextLoader.java:307] - Root WebApplicationContext initialized in 1138 ms
[10:16:03][INFO ][FrameworkServlet.java:525] - Initializing Servlet 'appServlet'
[10:16:04][WARN ][AbstractApplicationContext.java:591] - Exception encountered during context initialization - cancelling refresh attempt: org.springframework.beans.factory.UnsatisfiedDependencyException: Error creating bean with name 'mailSendService': Unsatisfied dependency expressed through field 'mailSender'; nested exception is org.springframework.beans.factory.NoSuchBeanDefinitionException: No qualifying bean of type 'org.springframework.mail.javamail.JavaMailSenderImpl' available: expected at least 1 bean which qualifies as autowire candidate. Dependency annotations: {@org.springframework.beans.factory.annotation.Autowired(required=true)}
[10:16:04][ERROR][FrameworkServlet.java:534] - Context initialization failed
org.springframework.beans.factory.UnsatisfiedDependencyException: Error creating bean with name 'mailSendService': Unsatisfied dependency expressed through field 'mailSender'; nested exception is org.springframework.beans.factory.NoSuchBeanDefinitionException: No qualifying bean of type 'org.springframework.mail.javamail.JavaMailSenderImpl' available: expected at least 1 bean which qualifies as autowire candidate. Dependency annotations: {@org.springframework.beans.factory.annotation.Autowired(required=true)}
	at org.springframework.beans.factory.annotation.AutowiredAnnotationBeanPostProcessor$AutowiredFieldElement.resolveFieldValue(AutowiredAnnotationBeanPostProcessor.java:659)
	at org.springframework.beans.factory.annotation.AutowiredAnnotationBeanPostProcessor$AutowiredFieldElement.inject(AutowiredAnnotationBeanPostProcessor.java:639)
	at org.springframework.beans.factory.annotation.InjectionMetadata.inject(InjectionMetadata.java:119)
	at org.springframework.beans.factory.annotation.AutowiredAnnotationBeanPostProcessor.postProcessProperties(AutowiredAnnotationBeanPostProcessor.java:399)
	at org.springframework.beans.factory.support.AbstractAutowireCapableBeanFactory.populateBean(AbstractAutowireCapableBeanFactory.java:1431)
	at org.springframework.beans.factory.support.AbstractAutowireCapableBeanFactory.doCreateBean(AbstractAutowireCapableBeanFactory.java:619)
	at org.springframework.beans.factory.support.AbstractAutowireCapableBeanFactory.createBean(AbstractAutowireCapableBeanFactory.java:542)
	at org.springframework.beans.factory.support.AbstractBeanFactory.lambda$doGetBean$0(AbstractBeanFactory.java:335)
	at org.springframework.beans.factory.support.DefaultSingletonBeanRegistry.getSingleton(DefaultSingletonBeanRegistry.java:234)
	at org.springframework.beans.factory.support.AbstractBeanFactory.doGetBean(AbstractBeanFactory.java:333)
	at org.springframework.beans.factory.support.AbstractBeanFactory.getBean(AbstractBeanFactory.java:208)
	at org.springframework.beans.factory.support.DefaultListableBeanFactory.preInstantiateSingletons(DefaultListableBeanFactory.java:953)
	at org.springframework.context.support.AbstractApplicationContext.finishBeanFactoryInitialization(AbstractApplicationContext.java:918)
	at org.springframework.context.support.AbstractApplicationContext.refresh(AbstractApplicationContext.java:583)
	at org.springframework.web.servlet.FrameworkServlet.configureAndRefreshWebApplicationContext(FrameworkServlet.java:702)
	at org.springframework.web.servlet.FrameworkServlet.createWebApplicationContext(FrameworkServlet.java:668)
	at org.springframework.web.servlet.FrameworkServlet.createWebApplicationContext(FrameworkServlet.java:716)
	at org.springframework.web.servlet.FrameworkServlet.initWebApplicationContext(FrameworkServlet.java:591)
	at org.springframework.web.servlet.FrameworkServlet.initServletBean(FrameworkServlet.java:530)
	at org.springframework.web.servlet.HttpServletBean.init(HttpServletBean.java:170)
	at javax.servlet.GenericServlet.init(GenericServlet.java:158)
	at org.apache.catalina.core.StandardWrapper.initServlet(StandardWrapper.java:1164)
	at org.apache.catalina.core.StandardWrapper.loadServlet(StandardWrapper.java:1117)
	at org.apache.catalina.core.StandardWrapper.load(StandardWrapper.java:1010)
	at org.apache.catalina.core.StandardContext.loadOnStartup(StandardContext.java:4957)
	at org.apache.catalina.core.StandardContext.startInternal(StandardContext.java:5264)
	at org.apache.catalina.util.LifecycleBase.start(LifecycleBase.java:183)
	at org.apache.catalina.core.ContainerBase$StartChild.call(ContainerBase.java:1396)
	at org.apache.catalina.core.ContainerBase$StartChild.call(ContainerBase.java:1386)
	at java.base/java.util.concurrent.FutureTask.run(FutureTask.java:264)
	at org.apache.tomcat.util.threads.InlineExecutorService.execute(InlineExecutorService.java:75)
	at java.base/java.util.concurrent.AbstractExecutorService.submit(AbstractExecutorService.java:140)
	at org.apache.catalina.core.ContainerBase.startInternal(ContainerBase.java:919)
	at org.apache.catalina.core.StandardHost.startInternal(StandardHost.java:835)
	at org.apache.catalina.util.LifecycleBase.start(LifecycleBase.java:183)
	at org.apache.catalina.core.ContainerBase$StartChild.call(ContainerBase.java:1396)
	at org.apache.catalina.core.ContainerBase$StartChild.call(ContainerBase.java:1386)
	at java.base/java.util.concurrent.FutureTask.run(FutureTask.java:264)
	at org.apache.tomcat.util.threads.InlineExecutorService.execute(InlineExecutorService.java:75)
	at java.base/java.util.concurrent.AbstractExecutorService.submit(AbstractExecutorService.java:140)
	at org.apache.catalina.core.ContainerBase.startInternal(ContainerBase.java:919)
	at org.apache.catalina.core.StandardEngine.startInternal(StandardEngine.java:263)
	at org.apache.catalina.util.LifecycleBase.start(LifecycleBase.java:183)
	at org.apache.catalina.core.StandardService.startInternal(StandardService.java:432)
	at org.apache.catalina.util.LifecycleBase.start(LifecycleBase.java:183)
	at org.apache.catalina.core.StandardServer.startInternal(StandardServer.java:927)
	at org.apache.catalina.util.LifecycleBase.start(LifecycleBase.java:183)
	at org.apache.catalina.startup.Catalina.start(Catalina.java:772)
	at java.base/jdk.internal.reflect.NativeMethodAccessorImpl.invoke0(Native Method)
	at java.base/jdk.internal.reflect.NativeMethodAccessorImpl.invoke(NativeMethodAccessorImpl.java:62)
	at java.base/jdk.internal.reflect.DelegatingMethodAccessorImpl.invoke(DelegatingMethodAccessorImpl.java:43)
	at java.base/java.lang.reflect.Method.invoke(Method.java:566)
	at org.apache.catalina.startup.Bootstrap.start(Bootstrap.java:345)
	at org.apache.catalina.startup.Bootstrap.main(Bootstrap.java:476)
Caused by: org.springframework.beans.factory.NoSuchBeanDefinitionException: No qualifying bean of type 'org.springframework.mail.javamail.JavaMailSenderImpl' available: expected at least 1 bean which qualifies as autowire candidate. Dependency annotations: {@org.springframework.beans.factory.annotation.Autowired(required=true)}
	at org.springframework.beans.factory.support.DefaultListableBeanFactory.raiseNoMatchingBeanFound(DefaultListableBeanFactory.java:1799)
	at org.springframework.beans.factory.support.DefaultListableBeanFactory.doResolveDependency(DefaultListableBeanFactory.java:1355)
	at org.springframework.beans.factory.support.DefaultListableBeanFactory.resolveDependency(DefaultListableBeanFactory.java:1309)
	at org.springframework.beans.factory.annotation.AutowiredAnnotationBeanPostProcessor$AutowiredFieldElement.resolveFieldValue(AutowiredAnnotationBeanPostProcessor.java:656)
	... 53 more
[10:18:24][INFO ][ContextLoader.java:271] - Root WebApplicationContext: initialization started
[10:18:25][ERROR][ContextLoader.java:313] - Context initialization failed
org.springframework.beans.factory.xml.XmlBeanDefinitionStoreException: Line 55 in XML document from class path resource [root-context.xml] is invalid; nested exception is org.xml.sax.SAXParseException; lineNumber: 55; columnNumber: 79; The prefix "context" for element "context:property-placeholder" is not bound.
	at org.springframework.beans.factory.xml.XmlBeanDefinitionReader.doLoadBeanDefinitions(XmlBeanDefinitionReader.java:402)
	at org.springframework.beans.factory.xml.XmlBeanDefinitionReader.loadBeanDefinitions(XmlBeanDefinitionReader.java:338)
	at org.springframework.beans.factory.xml.XmlBeanDefinitionReader.loadBeanDefinitions(XmlBeanDefinitionReader.java:310)
	at org.springframework.beans.factory.support.AbstractBeanDefinitionReader.loadBeanDefinitions(AbstractBeanDefinitionReader.java:196)
	at org.springframework.beans.factory.support.AbstractBeanDefinitionReader.loadBeanDefinitions(AbstractBeanDefinitionReader.java:232)
	at org.springframework.beans.factory.support.AbstractBeanDefinitionReader.loadBeanDefinitions(AbstractBeanDefinitionReader.java:203)
	at org.springframework.web.context.support.XmlWebApplicationContext.loadBeanDefinitions(XmlWebApplicationContext.java:125)
	at org.springframework.web.context.support.XmlWebApplicationContext.loadBeanDefinitions(XmlWebApplicationContext.java:94)
	at org.springframework.context.support.AbstractRefreshableApplicationContext.refreshBeanFactory(AbstractRefreshableApplicationContext.java:130)
	at org.springframework.context.support.AbstractApplicationContext.obtainFreshBeanFactory(AbstractApplicationContext.java:671)
	at org.springframework.context.support.AbstractApplicationContext.refresh(AbstractApplicationContext.java:553)
	at org.springframework.web.context.ContextLoader.configureAndRefreshWebApplicationContext(ContextLoader.java:401)
	at org.springframework.web.context.ContextLoader.initWebApplicationContext(ContextLoader.java:292)
	at org.springframework.web.context.ContextLoaderListener.contextInitialized(ContextLoaderListener.java:103)
	at org.apache.catalina.core.StandardContext.listenerStart(StandardContext.java:4768)
	at org.apache.catalina.core.StandardContext.startInternal(StandardContext.java:5230)
	at org.apache.catalina.util.LifecycleBase.start(LifecycleBase.java:183)
	at org.apache.catalina.core.ContainerBase$StartChild.call(ContainerBase.java:1396)
	at org.apache.catalina.core.ContainerBase$StartChild.call(ContainerBase.java:1386)
	at java.base/java.util.concurrent.FutureTask.run(FutureTask.java:264)
	at org.apache.tomcat.util.threads.InlineExecutorService.execute(InlineExecutorService.java:75)
	at java.base/java.util.concurrent.AbstractExecutorService.submit(AbstractExecutorService.java:140)
	at org.apache.catalina.core.ContainerBase.startInternal(ContainerBase.java:919)
	at org.apache.catalina.core.StandardHost.startInternal(StandardHost.java:835)
	at org.apache.catalina.util.LifecycleBase.start(LifecycleBase.java:183)
	at org.apache.catalina.core.ContainerBase$StartChild.call(ContainerBase.java:1396)
	at org.apache.catalina.core.ContainerBase$StartChild.call(ContainerBase.java:1386)
	at java.base/java.util.concurrent.FutureTask.run(FutureTask.java:264)
	at org.apache.tomcat.util.threads.InlineExecutorService.execute(InlineExecutorService.java:75)
	at java.base/java.util.concurrent.AbstractExecutorService.submit(AbstractExecutorService.java:140)
	at org.apache.catalina.core.ContainerBase.startInternal(ContainerBase.java:919)
	at org.apache.catalina.core.StandardEngine.startInternal(StandardEngine.java:263)
	at org.apache.catalina.util.LifecycleBase.start(LifecycleBase.java:183)
	at org.apache.catalina.core.StandardService.startInternal(StandardService.java:432)
	at org.apache.catalina.util.LifecycleBase.start(LifecycleBase.java:183)
	at org.apache.catalina.core.StandardServer.startInternal(StandardServer.java:927)
	at org.apache.catalina.util.LifecycleBase.start(LifecycleBase.java:183)
	at org.apache.catalina.startup.Catalina.start(Catalina.java:772)
	at java.base/jdk.internal.reflect.NativeMethodAccessorImpl.invoke0(Native Method)
	at java.base/jdk.internal.reflect.NativeMethodAccessorImpl.invoke(NativeMethodAccessorImpl.java:62)
	at java.base/jdk.internal.reflect.DelegatingMethodAccessorImpl.invoke(DelegatingMethodAccessorImpl.java:43)
	at java.base/java.lang.reflect.Method.invoke(Method.java:566)
	at org.apache.catalina.startup.Bootstrap.start(Bootstrap.java:345)
	at org.apache.catalina.startup.Bootstrap.main(Bootstrap.java:476)
Caused by: org.xml.sax.SAXParseException; lineNumber: 55; columnNumber: 79; The prefix "context" for element "context:property-placeholder" is not bound.
	at java.xml/com.sun.org.apache.xerces.internal.util.ErrorHandlerWrapper.createSAXParseException(ErrorHandlerWrapper.java:204)
	at java.xml/com.sun.org.apache.xerces.internal.util.ErrorHandlerWrapper.fatalError(ErrorHandlerWrapper.java:178)
	at java.xml/com.sun.org.apache.xerces.internal.impl.XMLErrorReporter.reportError(XMLErrorReporter.java:400)
	at java.xml/com.sun.org.apache.xerces.internal.impl.XMLErrorReporter.reportError(XMLErrorReporter.java:327)
	at java.xml/com.sun.org.apache.xerces.internal.impl.XMLErrorReporter.reportError(XMLErrorReporter.java:284)
	at java.xml/com.sun.org.apache.xerces.internal.impl.XMLNSDocumentScannerImpl.scanStartElement(XMLNSDocumentScannerImpl.java:284)
	at java.xml/com.sun.org.apache.xerces.internal.impl.XMLDocumentFragmentScannerImpl$FragmentContentDriver.next(XMLDocumentFragmentScannerImpl.java:2708)
	at java.xml/com.sun.org.apache.xerces.internal.impl.XMLDocumentScannerImpl.next(XMLDocumentScannerImpl.java:605)
	at java.xml/com.sun.org.apache.xerces.internal.impl.XMLNSDocumentScannerImpl.next(XMLNSDocumentScannerImpl.java:112)
	at java.xml/com.sun.org.apache.xerces.internal.impl.XMLDocumentFragmentScannerImpl.scanDocument(XMLDocumentFragmentScannerImpl.java:534)
	at java.xml/com.sun.org.apache.xerces.internal.parsers.XML11Configuration.parse(XML11Configuration.java:888)
	at java.xml/com.sun.org.apache.xerces.internal.parsers.XML11Configuration.parse(XML11Configuration.java:824)
	at java.xml/com.sun.org.apache.xerces.internal.parsers.XMLParser.parse(XMLParser.java:141)
	at java.xml/com.sun.org.apache.xerces.internal.parsers.DOMParser.parse(DOMParser.java:246)
	at java.xml/com.sun.org.apache.xerces.internal.jaxp.DocumentBuilderImpl.parse(DocumentBuilderImpl.java:339)
	at org.springframework.beans.factory.xml.DefaultDocumentLoader.loadDocument(DefaultDocumentLoader.java:77)
	at org.springframework.beans.factory.xml.XmlBeanDefinitionReader.doLoadDocument(XmlBeanDefinitionReader.java:432)
	at org.springframework.beans.factory.xml.XmlBeanDefinitionReader.doLoadBeanDefinitions(XmlBeanDefinitionReader.java:390)
	... 43 more
[10:21:23][INFO ][ContextLoader.java:271] - Root WebApplicationContext: initialization started
[10:21:25][INFO ][ContextLoader.java:307] - Root WebApplicationContext initialized in 1290 ms
[10:21:25][INFO ][FrameworkServlet.java:525] - Initializing Servlet 'appServlet'
[10:21:26][INFO ][FrameworkServlet.java:547] - Completed initialization in 1575 ms
[10:21:38][WARN ][DispatcherServlet.java:1278] - No mapping for POST /meinsite/btop3.do
[10:21:38][WARN ][DispatcherServlet.java:1278] - No mapping for POST /meinsite/ntop3.do
[10:28:30][INFO ][ContextLoader.java:271] - Root WebApplicationContext: initialization started
[10:28:31][INFO ][ContextLoader.java:307] - Root WebApplicationContext initialized in 1317 ms
[10:28:31][INFO ][FrameworkServlet.java:525] - Initializing Servlet 'appServlet'
[10:28:33][INFO ][FrameworkServlet.java:547] - Completed initialization in 1706 ms
[10:28:36][WARN ][DispatcherServlet.java:1278] - No mapping for POST /meinsite/ntop3.do
[10:28:36][WARN ][DispatcherServlet.java:1278] - No mapping for POST /meinsite/btop3.do
[10:30:00][INFO ][ContextLoader.java:271] - Root WebApplicationContext: initialization started
[10:30:01][INFO ][ContextLoader.java:307] - Root WebApplicationContext initialized in 1542 ms
[10:30:01][INFO ][FrameworkServlet.java:525] - Initializing Servlet 'appServlet'
[10:30:03][INFO ][FrameworkServlet.java:547] - Completed initialization in 1753 ms
[10:32:55][INFO ][ContextLoader.java:271] - Root WebApplicationContext: initialization started
[10:32:56][INFO ][ContextLoader.java:307] - Root WebApplicationContext initialized in 1293 ms
[10:32:56][INFO ][FrameworkServlet.java:525] - Initializing Servlet 'appServlet'
[10:32:58][INFO ][FrameworkServlet.java:547] - Completed initialization in 1713 ms
[10:33:01][WARN ][DispatcherServlet.java:1278] - No mapping for POST /meinsite/btop3.do
[10:33:01][WARN ][DispatcherServlet.java:1278] - No mapping for POST /meinsite/ntop3.do
[10:35:05][INFO ][ContextLoader.java:271] - Root WebApplicationContext: initialization started
[10:35:06][INFO ][ContextLoader.java:307] - Root WebApplicationContext initialized in 1350 ms
[10:35:06][INFO ][FrameworkServlet.java:525] - Initializing Servlet 'appServlet'
[10:35:08][INFO ][FrameworkServlet.java:547] - Completed initialization in 1757 ms
[10:35:08][WARN ][DispatcherServlet.java:1278] - No mapping for POST /meinsite/ntop3.do
[10:35:08][WARN ][DispatcherServlet.java:1278] - No mapping for POST /meinsite/btop3.do
[10:41:56][INFO ][ContextLoader.java:271] - Root WebApplicationContext: initialization started
[10:41:57][INFO ][ContextLoader.java:307] - Root WebApplicationContext initialized in 1334 ms
[10:41:57][INFO ][FrameworkServlet.java:525] - Initializing Servlet 'appServlet'
[10:41:59][INFO ][FrameworkServlet.java:547] - Completed initialization in 1673 ms
[10:42:00][WARN ][DispatcherServlet.java:1278] - No mapping for POST /meinsite/btop3.do
[10:42:00][WARN ][DispatcherServlet.java:1278] - No mapping for POST /meinsite/ntop3.do
[10:49:12][INFO ][ContextLoader.java:271] - Root WebApplicationContext: initialization started
[10:49:14][INFO ][ContextLoader.java:307] - Root WebApplicationContext initialized in 1321 ms
[10:49:14][INFO ][FrameworkServlet.java:525] - Initializing Servlet 'appServlet'
[10:49:15][INFO ][FrameworkServlet.java:547] - Completed initialization in 1631 ms
[10:49:16][WARN ][DispatcherServlet.java:1278] - No mapping for POST /meinsite/ntop3.do
[10:49:16][WARN ][DispatcherServlet.java:1278] - No mapping for POST /meinsite/btop3.do
[11:06:22][INFO ][ContextLoader.java:271] - Root WebApplicationContext: initialization started
[11:06:23][INFO ][ContextLoader.java:307] - Root WebApplicationContext initialized in 1618 ms
[11:06:23][INFO ][FrameworkServlet.java:525] - Initializing Servlet 'appServlet'
[11:06:25][INFO ][FrameworkServlet.java:547] - Completed initialization in 1746 ms
[11:06:26][WARN ][DispatcherServlet.java:1278] - No mapping for POST /meinsite/btop3.do
[11:06:26][WARN ][DispatcherServlet.java:1278] - No mapping for POST /meinsite/ntop3.do
[11:10:14][INFO ][ContextLoader.java:271] - Root WebApplicationContext: initialization started
[11:10:15][INFO ][ContextLoader.java:307] - Root WebApplicationContext initialized in 1366 ms
[11:10:15][INFO ][FrameworkServlet.java:525] - Initializing Servlet 'appServlet'
[11:10:17][INFO ][FrameworkServlet.java:547] - Completed initialization in 1684 ms
[11:10:18][WARN ][DispatcherServlet.java:1278] - No mapping for POST /meinsite/ntop3.do
[11:10:18][WARN ][DispatcherServlet.java:1278] - No mapping for POST /meinsite/btop3.do
[11:10:46][INFO ][ContextLoader.java:271] - Root WebApplicationContext: initialization started
[11:10:47][INFO ][ContextLoader.java:307] - Root WebApplicationContext initialized in 1386 ms
[11:10:48][INFO ][FrameworkServlet.java:525] - Initializing Servlet 'appServlet'
[11:10:49][INFO ][FrameworkServlet.java:547] - Completed initialization in 1653 ms
[11:10:50][WARN ][DispatcherServlet.java:1278] - No mapping for POST /meinsite/btop3.do
[11:10:50][WARN ][DispatcherServlet.java:1278] - No mapping for POST /meinsite/ntop3.do
[11:19:22][INFO ][ContextLoader.java:271] - Root WebApplicationContext: initialization started
[11:19:24][INFO ][ContextLoader.java:307] - Root WebApplicationContext initialized in 1482 ms
[11:19:24][INFO ][FrameworkServlet.java:525] - Initializing Servlet 'appServlet'
[11:19:26][INFO ][FrameworkServlet.java:547] - Completed initialization in 1692 ms
[11:19:30][WARN ][DispatcherServlet.java:1278] - No mapping for POST /meinsite/btop3.do
[11:19:30][WARN ][DispatcherServlet.java:1278] - No mapping for POST /meinsite/ntop3.do
[11:22:23][INFO ][ContextLoader.java:271] - Root WebApplicationContext: initialization started
[11:22:25][INFO ][ContextLoader.java:307] - Root WebApplicationContext initialized in 1372 ms
[11:22:25][INFO ][FrameworkServlet.java:525] - Initializing Servlet 'appServlet'
[11:22:26][INFO ][FrameworkServlet.java:547] - Completed initialization in 1755 ms
[11:22:27][WARN ][DispatcherServlet.java:1278] - No mapping for POST /meinsite/btop3.do
[11:22:27][WARN ][DispatcherServlet.java:1278] - No mapping for POST /meinsite/ntop3.do
[11:22:27][WARN ][DispatcherServlet.java:1278] - No mapping for POST /meinsite/btop3.do
[11:22:27][WARN ][DispatcherServlet.java:1278] - No mapping for POST /meinsite/ntop3.do
[11:24:11][INFO ][ContextLoader.java:271] - Root WebApplicationContext: initialization started
[11:24:12][INFO ][ContextLoader.java:307] - Root WebApplicationContext initialized in 1382 ms
[11:24:12][INFO ][FrameworkServlet.java:525] - Initializing Servlet 'appServlet'
[11:24:14][INFO ][FrameworkServlet.java:547] - Completed initialization in 1716 ms
[11:24:15][WARN ][DispatcherServlet.java:1278] - No mapping for POST /meinsite/ntop3.do
[11:24:15][WARN ][DispatcherServlet.java:1278] - No mapping for POST /meinsite/btop3.do
[11:30:51][INFO ][ContextLoader.java:271] - Root WebApplicationContext: initialization started
[11:30:52][INFO ][ContextLoader.java:307] - Root WebApplicationContext initialized in 1299 ms
[11:30:52][INFO ][FrameworkServlet.java:525] - Initializing Servlet 'appServlet'
[11:30:54][INFO ][FrameworkServlet.java:547] - Completed initialization in 1593 ms
[11:31:47][INFO ][ContextLoader.java:271] - Root WebApplicationContext: initialization started
[11:31:48][INFO ][ContextLoader.java:307] - Root WebApplicationContext initialized in 1470 ms
[11:31:48][INFO ][FrameworkServlet.java:525] - Initializing Servlet 'appServlet'
[11:31:50][INFO ][FrameworkServlet.java:547] - Completed initialization in 1890 ms
[11:31:52][WARN ][DispatcherServlet.java:1278] - No mapping for POST /meinsite/btop3.do
[11:31:52][WARN ][DispatcherServlet.java:1278] - No mapping for POST /meinsite/ntop3.do
[11:37:03][INFO ][ContextLoader.java:271] - Root WebApplicationContext: initialization started
[11:37:04][INFO ][ContextLoader.java:307] - Root WebApplicationContext initialized in 1477 ms
[11:37:04][INFO ][FrameworkServlet.java:525] - Initializing Servlet 'appServlet'
[11:37:06][INFO ][FrameworkServlet.java:547] - Completed initialization in 1781 ms
[11:37:10][WARN ][DispatcherServlet.java:1278] - No mapping for POST /meinsite/ntop3.do
[11:37:10][WARN ][DispatcherServlet.java:1278] - No mapping for POST /meinsite/btop3.do
[11:39:14][INFO ][ContextLoader.java:271] - Root WebApplicationContext: initialization started
[11:39:16][INFO ][ContextLoader.java:307] - Root WebApplicationContext initialized in 1473 ms
[11:39:16][INFO ][FrameworkServlet.java:525] - Initializing Servlet 'appServlet'
[11:39:18][INFO ][FrameworkServlet.java:547] - Completed initialization in 1608 ms
[11:39:23][WARN ][DispatcherServlet.java:1278] - No mapping for POST /meinsite/btop3.do
[11:39:23][WARN ][DispatcherServlet.java:1278] - No mapping for POST /meinsite/ntop3.do
[11:46:01][INFO ][ContextLoader.java:271] - Root WebApplicationContext: initialization started
[11:46:03][INFO ][ContextLoader.java:307] - Root WebApplicationContext initialized in 1376 ms
[11:46:03][INFO ][FrameworkServlet.java:525] - Initializing Servlet 'appServlet'
[11:46:04][INFO ][FrameworkServlet.java:547] - Completed initialization in 1696 ms
[11:46:08][WARN ][DispatcherServlet.java:1278] - No mapping for POST /meinsite/btop3.do
[11:46:08][WARN ][DispatcherServlet.java:1278] - No mapping for POST /meinsite/ntop3.do
[11:51:56][INFO ][ContextLoader.java:271] - Root WebApplicationContext: initialization started
[11:51:57][INFO ][ContextLoader.java:307] - Root WebApplicationContext initialized in 1451 ms
[11:51:57][INFO ][FrameworkServlet.java:525] - Initializing Servlet 'appServlet'
[11:51:59][INFO ][FrameworkServlet.java:547] - Completed initialization in 1693 ms
[11:51:59][WARN ][DispatcherServlet.java:1278] - No mapping for POST /meinsite/btop3.do
[11:51:59][WARN ][DispatcherServlet.java:1278] - No mapping for POST /meinsite/ntop3.do
[11:55:23][INFO ][ContextLoader.java:271] - Root WebApplicationContext: initialization started
[11:55:24][INFO ][ContextLoader.java:307] - Root WebApplicationContext initialized in 1283 ms
[11:55:24][INFO ][FrameworkServlet.java:525] - Initializing Servlet 'appServlet'
[11:55:26][INFO ][FrameworkServlet.java:547] - Completed initialization in 1609 ms
[11:55:27][WARN ][DispatcherServlet.java:1278] - No mapping for POST /meinsite/ntop3.do
[11:55:27][WARN ][DispatcherServlet.java:1278] - No mapping for POST /meinsite/btop3.do
[11:58:22][INFO ][ContextLoader.java:271] - Root WebApplicationContext: initialization started
[11:58:23][INFO ][ContextLoader.java:307] - Root WebApplicationContext initialized in 1387 ms
[11:58:23][INFO ][FrameworkServlet.java:525] - Initializing Servlet 'appServlet'
[11:58:25][INFO ][FrameworkServlet.java:547] - Completed initialization in 1724 ms
[11:58:26][WARN ][DispatcherServlet.java:1278] - No mapping for POST /meinsite/ntop3.do
[11:58:26][WARN ][DispatcherServlet.java:1278] - No mapping for POST /meinsite/btop3.do
[12:00:41][INFO ][ContextLoader.java:271] - Root WebApplicationContext: initialization started
[12:00:43][INFO ][ContextLoader.java:307] - Root WebApplicationContext initialized in 1447 ms
[12:00:43][INFO ][FrameworkServlet.java:525] - Initializing Servlet 'appServlet'
[12:00:45][INFO ][FrameworkServlet.java:547] - Completed initialization in 1702 ms
[12:00:45][WARN ][DispatcherServlet.java:1278] - No mapping for POST /meinsite/btop3.do
[12:00:45][WARN ][DispatcherServlet.java:1278] - No mapping for POST /meinsite/ntop3.do
[12:03:15][INFO ][ContextLoader.java:271] - Root WebApplicationContext: initialization started
[12:03:16][INFO ][ContextLoader.java:307] - Root WebApplicationContext initialized in 1373 ms
[12:03:16][INFO ][FrameworkServlet.java:525] - Initializing Servlet 'appServlet'
[12:03:18][INFO ][FrameworkServlet.java:547] - Completed initialization in 1905 ms
[12:03:42][WARN ][DispatcherServlet.java:1278] - No mapping for POST /meinsite/ntop3.do
[12:03:42][WARN ][DispatcherServlet.java:1278] - No mapping for POST /meinsite/btop3.do
[12:04:57][WARN ][DispatcherServlet.java:1278] - No mapping for POST /meinsite/enroll.do
[12:18:25][INFO ][ContextLoader.java:271] - Root WebApplicationContext: initialization started
[12:18:26][INFO ][ContextLoader.java:307] - Root WebApplicationContext initialized in 1292 ms
[12:18:26][INFO ][FrameworkServlet.java:525] - Initializing Servlet 'appServlet'
[12:18:28][WARN ][AbstractApplicationContext.java:591] - Exception encountered during context initialization - cancelling refresh attempt: org.springframework.beans.factory.BeanCreationException: Error creating bean with name 'memberController' defined in file [C:\framework_workspace\meinsite\target\classes\com\site\meinsite\member\controller\MemberController.class]: Instantiation of bean failed; nested exception is org.springframework.beans.BeanInstantiationException: Failed to instantiate [com.site.meinsite.member.controller.MemberController]: Constructor threw exception; nested exception is java.lang.Error: Unresolved compilation problems: 
	Syntax error, insert "}" to complete ClassBody
	Syntax error on token ")", delete this token
	Syntax error on token "}", delete this token

[12:18:28][ERROR][FrameworkServlet.java:534] - Context initialization failed
org.springframework.beans.factory.BeanCreationException: Error creating bean with name 'memberController' defined in file [C:\framework_workspace\meinsite\target\classes\com\site\meinsite\member\controller\MemberController.class]: Instantiation of bean failed; nested exception is org.springframework.beans.BeanInstantiationException: Failed to instantiate [com.site.meinsite.member.controller.MemberController]: Constructor threw exception; nested exception is java.lang.Error: Unresolved compilation problems: 
	Syntax error, insert "}" to complete ClassBody
	Syntax error on token ")", delete this token
	Syntax error on token "}", delete this token

	at org.springframework.beans.factory.support.AbstractAutowireCapableBeanFactory.instantiateBean(AbstractAutowireCapableBeanFactory.java:1334)
	at org.springframework.beans.factory.support.AbstractAutowireCapableBeanFactory.createBeanInstance(AbstractAutowireCapableBeanFactory.java:1232)
	at org.springframework.beans.factory.support.AbstractAutowireCapableBeanFactory.doCreateBean(AbstractAutowireCapableBeanFactory.java:582)
	at org.springframework.beans.factory.support.AbstractAutowireCapableBeanFactory.createBean(AbstractAutowireCapableBeanFactory.java:542)
	at org.springframework.beans.factory.support.AbstractBeanFactory.lambda$doGetBean$0(AbstractBeanFactory.java:335)
	at org.springframework.beans.factory.support.DefaultSingletonBeanRegistry.getSingleton(DefaultSingletonBeanRegistry.java:234)
	at org.springframework.beans.factory.support.AbstractBeanFactory.doGetBean(AbstractBeanFactory.java:333)
	at org.springframework.beans.factory.support.AbstractBeanFactory.getBean(AbstractBeanFactory.java:208)
	at org.springframework.beans.factory.support.DefaultListableBeanFactory.preInstantiateSingletons(DefaultListableBeanFactory.java:953)
	at org.springframework.context.support.AbstractApplicationContext.finishBeanFactoryInitialization(AbstractApplicationContext.java:918)
	at org.springframework.context.support.AbstractApplicationContext.refresh(AbstractApplicationContext.java:583)
	at org.springframework.web.servlet.FrameworkServlet.configureAndRefreshWebApplicationContext(FrameworkServlet.java:702)
	at org.springframework.web.servlet.FrameworkServlet.createWebApplicationContext(FrameworkServlet.java:668)
	at org.springframework.web.servlet.FrameworkServlet.createWebApplicationContext(FrameworkServlet.java:716)
	at org.springframework.web.servlet.FrameworkServlet.initWebApplicationContext(FrameworkServlet.java:591)
	at org.springframework.web.servlet.FrameworkServlet.initServletBean(FrameworkServlet.java:530)
	at org.springframework.web.servlet.HttpServletBean.init(HttpServletBean.java:170)
	at javax.servlet.GenericServlet.init(GenericServlet.java:158)
	at org.apache.catalina.core.StandardWrapper.initServlet(StandardWrapper.java:1164)
	at org.apache.catalina.core.StandardWrapper.loadServlet(StandardWrapper.java:1117)
	at org.apache.catalina.core.StandardWrapper.load(StandardWrapper.java:1010)
	at org.apache.catalina.core.StandardContext.loadOnStartup(StandardContext.java:4957)
	at org.apache.catalina.core.StandardContext.startInternal(StandardContext.java:5264)
	at org.apache.catalina.util.LifecycleBase.start(LifecycleBase.java:183)
	at org.apache.catalina.core.ContainerBase$StartChild.call(ContainerBase.java:1396)
	at org.apache.catalina.core.ContainerBase$StartChild.call(ContainerBase.java:1386)
	at java.base/java.util.concurrent.FutureTask.run(FutureTask.java:264)
	at org.apache.tomcat.util.threads.InlineExecutorService.execute(InlineExecutorService.java:75)
	at java.base/java.util.concurrent.AbstractExecutorService.submit(AbstractExecutorService.java:140)
	at org.apache.catalina.core.ContainerBase.startInternal(ContainerBase.java:919)
	at org.apache.catalina.core.StandardHost.startInternal(StandardHost.java:835)
	at org.apache.catalina.util.LifecycleBase.start(LifecycleBase.java:183)
	at org.apache.catalina.core.ContainerBase$StartChild.call(ContainerBase.java:1396)
	at org.apache.catalina.core.ContainerBase$StartChild.call(ContainerBase.java:1386)
	at java.base/java.util.concurrent.FutureTask.run(FutureTask.java:264)
	at org.apache.tomcat.util.threads.InlineExecutorService.execute(InlineExecutorService.java:75)
	at java.base/java.util.concurrent.AbstractExecutorService.submit(AbstractExecutorService.java:140)
	at org.apache.catalina.core.ContainerBase.startInternal(ContainerBase.java:919)
	at org.apache.catalina.core.StandardEngine.startInternal(StandardEngine.java:263)
	at org.apache.catalina.util.LifecycleBase.start(LifecycleBase.java:183)
	at org.apache.catalina.core.StandardService.startInternal(StandardService.java:432)
	at org.apache.catalina.util.LifecycleBase.start(LifecycleBase.java:183)
	at org.apache.catalina.core.StandardServer.startInternal(StandardServer.java:927)
	at org.apache.catalina.util.LifecycleBase.start(LifecycleBase.java:183)
	at org.apache.catalina.startup.Catalina.start(Catalina.java:772)
	at java.base/jdk.internal.reflect.NativeMethodAccessorImpl.invoke0(Native Method)
	at java.base/jdk.internal.reflect.NativeMethodAccessorImpl.invoke(NativeMethodAccessorImpl.java:62)
	at java.base/jdk.internal.reflect.DelegatingMethodAccessorImpl.invoke(DelegatingMethodAccessorImpl.java:43)
	at java.base/java.lang.reflect.Method.invoke(Method.java:566)
	at org.apache.catalina.startup.Bootstrap.start(Bootstrap.java:345)
	at org.apache.catalina.startup.Bootstrap.main(Bootstrap.java:476)
Caused by: org.springframework.beans.BeanInstantiationException: Failed to instantiate [com.site.meinsite.member.controller.MemberController]: Constructor threw exception; nested exception is java.lang.Error: Unresolved compilation problems: 
	Syntax error, insert "}" to complete ClassBody
	Syntax error on token ")", delete this token
	Syntax error on token "}", delete this token

	at org.springframework.beans.BeanUtils.instantiateClass(BeanUtils.java:224)
	at org.springframework.beans.factory.support.SimpleInstantiationStrategy.instantiate(SimpleInstantiationStrategy.java:87)
	at org.springframework.beans.factory.support.AbstractAutowireCapableBeanFactory.instantiateBean(AbstractAutowireCapableBeanFactory.java:1326)
	... 50 more
Caused by: java.lang.Error: Unresolved compilation problems: 
	Syntax error, insert "}" to complete ClassBody
	Syntax error on token ")", delete this token
	Syntax error on token "}", delete this token

	at com.site.meinsite.member.controller.MemberController.<init>(MemberController.java:142)
	at java.base/jdk.internal.reflect.NativeConstructorAccessorImpl.newInstance0(Native Method)
	at java.base/jdk.internal.reflect.NativeConstructorAccessorImpl.newInstance(NativeConstructorAccessorImpl.java:62)
	at java.base/jdk.internal.reflect.DelegatingConstructorAccessorImpl.newInstance(DelegatingConstructorAccessorImpl.java:45)
	at java.base/java.lang.reflect.Constructor.newInstance(Constructor.java:490)
	at org.springframework.beans.BeanUtils.instantiateClass(BeanUtils.java:211)
	... 52 more
[12:18:37][INFO ][FrameworkServlet.java:525] - Initializing Servlet 'appServlet'
[12:18:37][WARN ][AbstractApplicationContext.java:591] - Exception encountered during context initialization - cancelling refresh attempt: org.springframework.beans.factory.BeanCreationException: Error creating bean with name 'memberController' defined in file [C:\framework_workspace\meinsite\target\classes\com\site\meinsite\member\controller\MemberController.class]: Instantiation of bean failed; nested exception is org.springframework.beans.BeanInstantiationException: Failed to instantiate [com.site.meinsite.member.controller.MemberController]: Constructor threw exception; nested exception is java.lang.Error: Unresolved compilation problems: 
	Syntax error, insert "}" to complete ClassBody
	Syntax error on token ")", delete this token
	Syntax error on token "}", delete this token

[12:18:37][ERROR][FrameworkServlet.java:534] - Context initialization failed
org.springframework.beans.factory.BeanCreationException: Error creating bean with name 'memberController' defined in file [C:\framework_workspace\meinsite\target\classes\com\site\meinsite\member\controller\MemberController.class]: Instantiation of bean failed; nested exception is org.springframework.beans.BeanInstantiationException: Failed to instantiate [com.site.meinsite.member.controller.MemberController]: Constructor threw exception; nested exception is java.lang.Error: Unresolved compilation problems: 
	Syntax error, insert "}" to complete ClassBody
	Syntax error on token ")", delete this token
	Syntax error on token "}", delete this token

	at org.springframework.beans.factory.support.AbstractAutowireCapableBeanFactory.instantiateBean(AbstractAutowireCapableBeanFactory.java:1334)
	at org.springframework.beans.factory.support.AbstractAutowireCapableBeanFactory.createBeanInstance(AbstractAutowireCapableBeanFactory.java:1232)
	at org.springframework.beans.factory.support.AbstractAutowireCapableBeanFactory.doCreateBean(AbstractAutowireCapableBeanFactory.java:582)
	at org.springframework.beans.factory.support.AbstractAutowireCapableBeanFactory.createBean(AbstractAutowireCapableBeanFactory.java:542)
	at org.springframework.beans.factory.support.AbstractBeanFactory.lambda$doGetBean$0(AbstractBeanFactory.java:335)
	at org.springframework.beans.factory.support.DefaultSingletonBeanRegistry.getSingleton(DefaultSingletonBeanRegistry.java:234)
	at org.springframework.beans.factory.support.AbstractBeanFactory.doGetBean(AbstractBeanFactory.java:333)
	at org.springframework.beans.factory.support.AbstractBeanFactory.getBean(AbstractBeanFactory.java:208)
	at org.springframework.beans.factory.support.DefaultListableBeanFactory.preInstantiateSingletons(DefaultListableBeanFactory.java:953)
	at org.springframework.context.support.AbstractApplicationContext.finishBeanFactoryInitialization(AbstractApplicationContext.java:918)
	at org.springframework.context.support.AbstractApplicationContext.refresh(AbstractApplicationContext.java:583)
	at org.springframework.web.servlet.FrameworkServlet.configureAndRefreshWebApplicationContext(FrameworkServlet.java:702)
	at org.springframework.web.servlet.FrameworkServlet.createWebApplicationContext(FrameworkServlet.java:668)
	at org.springframework.web.servlet.FrameworkServlet.createWebApplicationContext(FrameworkServlet.java:716)
	at org.springframework.web.servlet.FrameworkServlet.initWebApplicationContext(FrameworkServlet.java:591)
	at org.springframework.web.servlet.FrameworkServlet.initServletBean(FrameworkServlet.java:530)
	at org.springframework.web.servlet.HttpServletBean.init(HttpServletBean.java:170)
	at javax.servlet.GenericServlet.init(GenericServlet.java:158)
	at org.apache.catalina.core.StandardWrapper.initServlet(StandardWrapper.java:1164)
	at org.apache.catalina.core.StandardWrapper.loadServlet(StandardWrapper.java:1117)
	at org.apache.catalina.core.StandardWrapper.allocate(StandardWrapper.java:788)
	at org.apache.catalina.core.ApplicationDispatcher.invoke(ApplicationDispatcher.java:687)
	at org.apache.catalina.core.ApplicationDispatcher.processRequest(ApplicationDispatcher.java:459)
	at org.apache.catalina.core.ApplicationDispatcher.doForward(ApplicationDispatcher.java:385)
	at org.apache.catalina.core.ApplicationDispatcher.forward(ApplicationDispatcher.java:313)
	at org.apache.jasper.runtime.PageContextImpl.forward(PageContextImpl.java:518)
	at org.apache.jsp.index_jsp._jspService(index_jsp.java:125)
	at org.apache.jasper.runtime.HttpJspBase.service(HttpJspBase.java:70)
	at javax.servlet.http.HttpServlet.service(HttpServlet.java:764)
	at org.apache.jasper.servlet.JspServletWrapper.service(JspServletWrapper.java:466)
	at org.apache.jasper.servlet.JspServlet.serviceJspFile(JspServlet.java:379)
	at org.apache.jasper.servlet.JspServlet.service(JspServlet.java:327)
	at javax.servlet.http.HttpServlet.service(HttpServlet.java:764)
	at org.apache.catalina.core.ApplicationFilterChain.internalDoFilter(ApplicationFilterChain.java:227)
	at org.apache.catalina.core.ApplicationFilterChain.doFilter(ApplicationFilterChain.java:162)
	at org.apache.tomcat.websocket.server.WsFilter.doFilter(WsFilter.java:53)
	at org.apache.catalina.core.ApplicationFilterChain.internalDoFilter(ApplicationFilterChain.java:189)
	at org.apache.catalina.core.ApplicationFilterChain.doFilter(ApplicationFilterChain.java:162)
	at org.apache.catalina.core.StandardWrapperValve.invoke(StandardWrapperValve.java:197)
	at org.apache.catalina.core.StandardContextValve.invoke(StandardContextValve.java:97)
	at org.apache.catalina.authenticator.AuthenticatorBase.invoke(AuthenticatorBase.java:541)
	at org.apache.catalina.core.StandardHostValve.invoke(StandardHostValve.java:135)
	at org.apache.catalina.valves.ErrorReportValve.invoke(ErrorReportValve.java:92)
	at org.apache.catalina.valves.AbstractAccessLogValve.invoke(AbstractAccessLogValve.java:687)
	at org.apache.catalina.core.StandardEngineValve.invoke(StandardEngineValve.java:78)
	at org.apache.catalina.connector.CoyoteAdapter.service(CoyoteAdapter.java:360)
	at org.apache.coyote.http11.Http11Processor.service(Http11Processor.java:399)
	at org.apache.coyote.AbstractProcessorLight.process(AbstractProcessorLight.java:65)
	at org.apache.coyote.AbstractProtocol$ConnectionHandler.process(AbstractProtocol.java:890)
	at org.apache.tomcat.util.net.NioEndpoint$SocketProcessor.doRun(NioEndpoint.java:1743)
	at org.apache.tomcat.util.net.SocketProcessorBase.run(SocketProcessorBase.java:49)
	at org.apache.tomcat.util.threads.ThreadPoolExecutor.runWorker(ThreadPoolExecutor.java:1191)
	at org.apache.tomcat.util.threads.ThreadPoolExecutor$Worker.run(ThreadPoolExecutor.java:659)
	at org.apache.tomcat.util.threads.TaskThread$WrappingRunnable.run(TaskThread.java:61)
	at java.base/java.lang.Thread.run(Thread.java:834)
Caused by: org.springframework.beans.BeanInstantiationException: Failed to instantiate [com.site.meinsite.member.controller.MemberController]: Constructor threw exception; nested exception is java.lang.Error: Unresolved compilation problems: 
	Syntax error, insert "}" to complete ClassBody
	Syntax error on token ")", delete this token
	Syntax error on token "}", delete this token

	at org.springframework.beans.BeanUtils.instantiateClass(BeanUtils.java:224)
	at org.springframework.beans.factory.support.SimpleInstantiationStrategy.instantiate(SimpleInstantiationStrategy.java:87)
	at org.springframework.beans.factory.support.AbstractAutowireCapableBeanFactory.instantiateBean(AbstractAutowireCapableBeanFactory.java:1326)
	... 54 more
Caused by: java.lang.Error: Unresolved compilation problems: 
	Syntax error, insert "}" to complete ClassBody
	Syntax error on token ")", delete this token
	Syntax error on token "}", delete this token

	at com.site.meinsite.member.controller.MemberController.<init>(MemberController.java:142)
	at java.base/jdk.internal.reflect.NativeConstructorAccessorImpl.newInstance0(Native Method)
	at java.base/jdk.internal.reflect.NativeConstructorAccessorImpl.newInstance(NativeConstructorAccessorImpl.java:62)
	at java.base/jdk.internal.reflect.DelegatingConstructorAccessorImpl.newInstance(DelegatingConstructorAccessorImpl.java:45)
	at java.base/java.lang.reflect.Constructor.newInstance(Constructor.java:490)
	at org.springframework.beans.BeanUtils.instantiateClass(BeanUtils.java:211)
	... 56 more
[12:23:40][INFO ][ContextLoader.java:271] - Root WebApplicationContext: initialization started
[12:23:41][INFO ][ContextLoader.java:307] - Root WebApplicationContext initialized in 1297 ms
[12:23:41][INFO ][FrameworkServlet.java:525] - Initializing Servlet 'appServlet'
[12:23:43][INFO ][FrameworkServlet.java:547] - Completed initialization in 1620 ms
[12:23:52][WARN ][DispatcherServlet.java:1278] - No mapping for POST /meinsite/btop3.do
[12:23:52][WARN ][DispatcherServlet.java:1278] - No mapping for POST /meinsite/ntop3.do
[12:24:43][WARN ][DispatcherServlet.java:1278] - No mapping for POST /meinsite/ntop3.do
[12:24:43][WARN ][DispatcherServlet.java:1278] - No mapping for POST /meinsite/btop3.do
[12:24:50][WARN ][DispatcherServlet.java:1278] - No mapping for POST /meinsite/ntop3.do
[12:24:50][WARN ][DispatcherServlet.java:1278] - No mapping for POST /meinsite/btop3.do
[14:14:40][INFO ][ContextLoader.java:271] - Root WebApplicationContext: initialization started
[14:14:41][INFO ][ContextLoader.java:307] - Root WebApplicationContext initialized in 1279 ms
[14:14:41][INFO ][FrameworkServlet.java:525] - Initializing Servlet 'appServlet'
[14:14:43][INFO ][FrameworkServlet.java:547] - Completed initialization in 1681 ms
[14:16:43][INFO ][ContextLoader.java:271] - Root WebApplicationContext: initialization started
[14:16:44][INFO ][ContextLoader.java:307] - Root WebApplicationContext initialized in 1279 ms
[14:16:44][INFO ][FrameworkServlet.java:525] - Initializing Servlet 'appServlet'
[14:16:46][INFO ][FrameworkServlet.java:547] - Completed initialization in 1634 ms
[14:16:57][WARN ][DispatcherServlet.java:1278] - No mapping for POST /meinsite/btop3.do
[14:16:57][WARN ][DispatcherServlet.java:1278] - No mapping for POST /meinsite/ntop3.do
[14:21:54][INFO ][ContextLoader.java:271] - Root WebApplicationContext: initialization started
[14:21:55][INFO ][ContextLoader.java:307] - Root WebApplicationContext initialized in 1474 ms
[14:21:55][INFO ][FrameworkServlet.java:525] - Initializing Servlet 'appServlet'
[14:21:57][INFO ][FrameworkServlet.java:547] - Completed initialization in 1820 ms
[14:21:59][WARN ][DispatcherServlet.java:1278] - No mapping for POST /meinsite/ntop3.do
[14:21:59][WARN ][DispatcherServlet.java:1278] - No mapping for POST /meinsite/btop3.do
[14:23:23][INFO ][ContextLoader.java:271] - Root WebApplicationContext: initialization started
[14:23:24][INFO ][ContextLoader.java:307] - Root WebApplicationContext initialized in 1345 ms
[14:23:24][INFO ][FrameworkServlet.java:525] - Initializing Servlet 'appServlet'
[14:23:26][INFO ][FrameworkServlet.java:547] - Completed initialization in 1652 ms
[14:23:26][WARN ][DispatcherServlet.java:1278] - No mapping for POST /meinsite/btop3.do
[14:23:26][WARN ][DispatcherServlet.java:1278] - No mapping for POST /meinsite/ntop3.do
[14:23:56][INFO ][ContextLoader.java:271] - Root WebApplicationContext: initialization started
[14:23:58][INFO ][ContextLoader.java:307] - Root WebApplicationContext initialized in 1359 ms
[14:23:58][INFO ][FrameworkServlet.java:525] - Initializing Servlet 'appServlet'
[14:24:00][INFO ][FrameworkServlet.java:547] - Completed initialization in 1825 ms
[14:24:00][WARN ][DispatcherServlet.java:1278] - No mapping for POST /meinsite/ntop3.do
[14:24:00][WARN ][DispatcherServlet.java:1278] - No mapping for POST /meinsite/btop3.do
[14:24:59][INFO ][ContextLoader.java:271] - Root WebApplicationContext: initialization started
[14:25:01][INFO ][ContextLoader.java:307] - Root WebApplicationContext initialized in 1542 ms
[14:25:01][INFO ][FrameworkServlet.java:525] - Initializing Servlet 'appServlet'
[14:25:03][INFO ][FrameworkServlet.java:547] - Completed initialization in 1932 ms
[14:25:03][WARN ][DispatcherServlet.java:1278] - No mapping for POST /meinsite/btop3.do
[14:25:03][WARN ][DispatcherServlet.java:1278] - No mapping for POST /meinsite/ntop3.do
[14:33:52][INFO ][ContextLoader.java:271] - Root WebApplicationContext: initialization started
[14:33:53][INFO ][ContextLoader.java:307] - Root WebApplicationContext initialized in 1411 ms
[14:33:53][INFO ][FrameworkServlet.java:525] - Initializing Servlet 'appServlet'
[14:33:55][INFO ][FrameworkServlet.java:547] - Completed initialization in 1759 ms
[14:34:03][WARN ][DispatcherServlet.java:1278] - No mapping for POST /meinsite/btop3.do
[14:34:03][WARN ][DispatcherServlet.java:1278] - No mapping for POST /meinsite/ntop3.do
[15:55:57][INFO ][ContextLoader.java:271] - Root WebApplicationContext: initialization started
[15:55:59][INFO ][ContextLoader.java:307] - Root WebApplicationContext initialized in 1376 ms
[15:55:59][INFO ][FrameworkServlet.java:525] - Initializing Servlet 'appServlet'
[15:56:00][INFO ][FrameworkServlet.java:547] - Completed initialization in 1794 ms
[15:56:09][WARN ][DispatcherServlet.java:1278] - No mapping for POST /meinsite/ntop3.do
[15:56:09][WARN ][DispatcherServlet.java:1278] - No mapping for POST /meinsite/btop3.do
[15:56:44][WARN ][DispatcherServlet.java:1278] - No mapping for POST /meinsite/ntop3.do
[15:56:44][WARN ][DispatcherServlet.java:1278] - No mapping for POST /meinsite/btop3.do
[15:56:52][WARN ][DispatcherServlet.java:1278] - No mapping for POST /meinsite/ntop3.do
[15:56:52][WARN ][DispatcherServlet.java:1278] - No mapping for POST /meinsite/btop3.do
[15:56:56][WARN ][DispatcherServlet.java:1278] - No mapping for POST /meinsite/ntop3.do
[15:56:56][WARN ][DispatcherServlet.java:1278] - No mapping for POST /meinsite/btop3.do
[15:59:26][WARN ][DispatcherServlet.java:1278] - No mapping for POST /meinsite/ntop3.do
[15:59:26][WARN ][DispatcherServlet.java:1278] - No mapping for POST /meinsite/btop3.do
[15:59:39][WARN ][DispatcherServlet.java:1278] - No mapping for POST /meinsite/ntop3.do
[15:59:39][WARN ][DispatcherServlet.java:1278] - No mapping for POST /meinsite/btop3.do
[16:00:45][ERROR][Slf4jSpyLogDelegator.java:120] - 10. PreparedStatement.execute() update member
		set userpwd = '$2a$10$VhdHZLswQq2vlKqugIeq6OHPaOtkmyGrcYcjnWQRnJKzyPX7viq3y',
			email = 'mblk2013@daum.net',
		where userid = 'park1234'
java.sql.SQLSyntaxErrorException: ORA-01747:    

	at oracle.jdbc.driver.T4CTTIoer11.processError(T4CTTIoer11.java:494)
	at oracle.jdbc.driver.T4CTTIoer11.processError(T4CTTIoer11.java:446)
	at oracle.jdbc.driver.T4C8Oall.processError(T4C8Oall.java:1052)
	at oracle.jdbc.driver.T4CTTIfun.receive(T4CTTIfun.java:537)
	at oracle.jdbc.driver.T4CTTIfun.doRPC(T4CTTIfun.java:255)
	at oracle.jdbc.driver.T4C8Oall.doOALL(T4C8Oall.java:610)
	at oracle.jdbc.driver.T4CPreparedStatement.doOall8(T4CPreparedStatement.java:253)
	at oracle.jdbc.driver.T4CPreparedStatement.doOall8(T4CPreparedStatement.java:86)
	at oracle.jdbc.driver.T4CPreparedStatement.executeForRows(T4CPreparedStatement.java:928)
	at oracle.jdbc.driver.OracleStatement.doExecuteWithTimeout(OracleStatement.java:1136)
	at oracle.jdbc.driver.OraclePreparedStatement.executeInternal(OraclePreparedStatement.java:3640)
	at oracle.jdbc.driver.T4CPreparedStatement.executeInternal(T4CPreparedStatement.java:1384)
	at oracle.jdbc.driver.OraclePreparedStatement.execute(OraclePreparedStatement.java:3752)
	at oracle.jdbc.driver.OraclePreparedStatementWrapper.execute(OraclePreparedStatementWrapper.java:1079)
	at org.apache.commons.dbcp.DelegatingPreparedStatement.execute(DelegatingPreparedStatement.java:172)
	at org.apache.commons.dbcp.DelegatingPreparedStatement.execute(DelegatingPreparedStatement.java:172)
	at net.sf.log4jdbc.PreparedStatementSpy.execute(PreparedStatementSpy.java:418)
	at org.apache.ibatis.executor.statement.PreparedStatementHandler.update(PreparedStatementHandler.java:47)
	at org.apache.ibatis.executor.statement.RoutingStatementHandler.update(RoutingStatementHandler.java:74)
	at org.apache.ibatis.executor.SimpleExecutor.doUpdate(SimpleExecutor.java:50)
	at org.apache.ibatis.executor.BaseExecutor.update(BaseExecutor.java:117)
	at org.apache.ibatis.session.defaults.DefaultSqlSession.update(DefaultSqlSession.java:197)
	at java.base/jdk.internal.reflect.NativeMethodAccessorImpl.invoke0(Native Method)
	at java.base/jdk.internal.reflect.NativeMethodAccessorImpl.invoke(NativeMethodAccessorImpl.java:62)
	at java.base/jdk.internal.reflect.DelegatingMethodAccessorImpl.invoke(DelegatingMethodAccessorImpl.java:43)
	at java.base/java.lang.reflect.Method.invoke(Method.java:566)
	at org.mybatis.spring.SqlSessionTemplate$SqlSessionInterceptor.invoke(SqlSessionTemplate.java:427)
	at com.sun.proxy.$Proxy8.update(Unknown Source)
	at org.mybatis.spring.SqlSessionTemplate.update(SqlSessionTemplate.java:288)
	at com.site.meinsite.member.model.dao.MemberDao.updateMember(MemberDao.java:34)
	at com.site.meinsite.member.model.service.MemberServiceImpl.updateMember(MemberServiceImpl.java:46)
	at com.site.meinsite.member.controller.MemberController.memberUpdate(MemberController.java:233)
	at java.base/jdk.internal.reflect.NativeMethodAccessorImpl.invoke0(Native Method)
	at java.base/jdk.internal.reflect.NativeMethodAccessorImpl.invoke(NativeMethodAccessorImpl.java:62)
	at java.base/jdk.internal.reflect.DelegatingMethodAccessorImpl.invoke(DelegatingMethodAccessorImpl.java:43)
	at java.base/java.lang.reflect.Method.invoke(Method.java:566)
	at org.springframework.web.method.support.InvocableHandlerMethod.doInvoke(InvocableHandlerMethod.java:205)
	at org.springframework.web.method.support.InvocableHandlerMethod.invokeForRequest(InvocableHandlerMethod.java:150)
	at org.springframework.web.servlet.mvc.method.annotation.ServletInvocableHandlerMethod.invokeAndHandle(ServletInvocableHandlerMethod.java:117)
	at org.springframework.web.servlet.mvc.method.annotation.RequestMappingHandlerAdapter.invokeHandlerMethod(RequestMappingHandlerAdapter.java:895)
	at org.springframework.web.servlet.mvc.method.annotation.RequestMappingHandlerAdapter.handleInternal(RequestMappingHandlerAdapter.java:808)
	at org.springframework.web.servlet.mvc.method.AbstractHandlerMethodAdapter.handle(AbstractHandlerMethodAdapter.java:87)
	at org.springframework.web.servlet.DispatcherServlet.doDispatch(DispatcherServlet.java:1067)
	at org.springframework.web.servlet.DispatcherServlet.doService(DispatcherServlet.java:963)
	at org.springframework.web.servlet.FrameworkServlet.processRequest(FrameworkServlet.java:1006)
	at org.springframework.web.servlet.FrameworkServlet.doPost(FrameworkServlet.java:909)
	at javax.servlet.http.HttpServlet.service(HttpServlet.java:681)
	at org.springframework.web.servlet.FrameworkServlet.service(FrameworkServlet.java:883)
	at javax.servlet.http.HttpServlet.service(HttpServlet.java:764)
	at org.apache.catalina.core.ApplicationFilterChain.internalDoFilter(ApplicationFilterChain.java:227)
	at org.apache.catalina.core.ApplicationFilterChain.doFilter(ApplicationFilterChain.java:162)
	at org.apache.tomcat.websocket.server.WsFilter.doFilter(WsFilter.java:53)
	at org.apache.catalina.core.ApplicationFilterChain.internalDoFilter(ApplicationFilterChain.java:189)
	at org.apache.catalina.core.ApplicationFilterChain.doFilter(ApplicationFilterChain.java:162)
	at org.springframework.web.filter.CharacterEncodingFilter.doFilterInternal(CharacterEncodingFilter.java:201)
	at org.springframework.web.filter.OncePerRequestFilter.doFilter(OncePerRequestFilter.java:117)
	at org.apache.catalina.core.ApplicationFilterChain.internalDoFilter(ApplicationFilterChain.java:189)
	at org.apache.catalina.core.ApplicationFilterChain.doFilter(ApplicationFilterChain.java:162)
	at org.apache.catalina.core.StandardWrapperValve.invoke(StandardWrapperValve.java:197)
	at org.apache.catalina.core.StandardContextValve.invoke(StandardContextValve.java:97)
	at org.apache.catalina.authenticator.AuthenticatorBase.invoke(AuthenticatorBase.java:541)
	at org.apache.catalina.core.StandardHostValve.invoke(StandardHostValve.java:135)
	at org.apache.catalina.valves.ErrorReportValve.invoke(ErrorReportValve.java:92)
	at org.apache.catalina.valves.AbstractAccessLogValve.invoke(AbstractAccessLogValve.java:687)
	at org.apache.catalina.core.StandardEngineValve.invoke(StandardEngineValve.java:78)
	at org.apache.catalina.connector.CoyoteAdapter.service(CoyoteAdapter.java:360)
	at org.apache.coyote.http11.Http11Processor.service(Http11Processor.java:399)
	at org.apache.coyote.AbstractProcessorLight.process(AbstractProcessorLight.java:65)
	at org.apache.coyote.AbstractProtocol$ConnectionHandler.process(AbstractProtocol.java:890)
	at org.apache.tomcat.util.net.NioEndpoint$SocketProcessor.doRun(NioEndpoint.java:1743)
	at org.apache.tomcat.util.net.SocketProcessorBase.run(SocketProcessorBase.java:49)
	at org.apache.tomcat.util.threads.ThreadPoolExecutor.runWorker(ThreadPoolExecutor.java:1191)
	at org.apache.tomcat.util.threads.ThreadPoolExecutor$Worker.run(ThreadPoolExecutor.java:659)
	at org.apache.tomcat.util.threads.TaskThread$WrappingRunnable.run(TaskThread.java:61)
	at java.base/java.lang.Thread.run(Thread.java:834)
Caused by: Error : 1747, Position : 53, Sql = update member
		set userpwd = :1 ,
			email = :2 ,
		where userid = :3 , OriginalSql = update member
		set userpwd = ?,
			email = ?,
		where userid = ?, Error Msg = ORA-01747:    

	at oracle.jdbc.driver.T4CTTIoer11.processError(T4CTTIoer11.java:498)
	... 74 more
[16:00:45][ERROR][Slf4jSpyLogDelegator.java:139] - 10. PreparedStatement.execute() FAILED! update member
		set userpwd = '$2a$10$VhdHZLswQq2vlKqugIeq6OHPaOtkmyGrcYcjnWQRnJKzyPX7viq3y',
			email = 'mblk2013@daum.net',
		where userid = 'park1234' {FAILED after 20 msec}
java.sql.SQLSyntaxErrorException: ORA-01747:    

	at oracle.jdbc.driver.T4CTTIoer11.processError(T4CTTIoer11.java:494)
	at oracle.jdbc.driver.T4CTTIoer11.processError(T4CTTIoer11.java:446)
	at oracle.jdbc.driver.T4C8Oall.processError(T4C8Oall.java:1052)
	at oracle.jdbc.driver.T4CTTIfun.receive(T4CTTIfun.java:537)
	at oracle.jdbc.driver.T4CTTIfun.doRPC(T4CTTIfun.java:255)
	at oracle.jdbc.driver.T4C8Oall.doOALL(T4C8Oall.java:610)
	at oracle.jdbc.driver.T4CPreparedStatement.doOall8(T4CPreparedStatement.java:253)
	at oracle.jdbc.driver.T4CPreparedStatement.doOall8(T4CPreparedStatement.java:86)
	at oracle.jdbc.driver.T4CPreparedStatement.executeForRows(T4CPreparedStatement.java:928)
	at oracle.jdbc.driver.OracleStatement.doExecuteWithTimeout(OracleStatement.java:1136)
	at oracle.jdbc.driver.OraclePreparedStatement.executeInternal(OraclePreparedStatement.java:3640)
	at oracle.jdbc.driver.T4CPreparedStatement.executeInternal(T4CPreparedStatement.java:1384)
	at oracle.jdbc.driver.OraclePreparedStatement.execute(OraclePreparedStatement.java:3752)
	at oracle.jdbc.driver.OraclePreparedStatementWrapper.execute(OraclePreparedStatementWrapper.java:1079)
	at org.apache.commons.dbcp.DelegatingPreparedStatement.execute(DelegatingPreparedStatement.java:172)
	at org.apache.commons.dbcp.DelegatingPreparedStatement.execute(DelegatingPreparedStatement.java:172)
	at net.sf.log4jdbc.PreparedStatementSpy.execute(PreparedStatementSpy.java:418)
	at org.apache.ibatis.executor.statement.PreparedStatementHandler.update(PreparedStatementHandler.java:47)
	at org.apache.ibatis.executor.statement.RoutingStatementHandler.update(RoutingStatementHandler.java:74)
	at org.apache.ibatis.executor.SimpleExecutor.doUpdate(SimpleExecutor.java:50)
	at org.apache.ibatis.executor.BaseExecutor.update(BaseExecutor.java:117)
	at org.apache.ibatis.session.defaults.DefaultSqlSession.update(DefaultSqlSession.java:197)
	at java.base/jdk.internal.reflect.NativeMethodAccessorImpl.invoke0(Native Method)
	at java.base/jdk.internal.reflect.NativeMethodAccessorImpl.invoke(NativeMethodAccessorImpl.java:62)
	at java.base/jdk.internal.reflect.DelegatingMethodAccessorImpl.invoke(DelegatingMethodAccessorImpl.java:43)
	at java.base/java.lang.reflect.Method.invoke(Method.java:566)
	at org.mybatis.spring.SqlSessionTemplate$SqlSessionInterceptor.invoke(SqlSessionTemplate.java:427)
	at com.sun.proxy.$Proxy8.update(Unknown Source)
	at org.mybatis.spring.SqlSessionTemplate.update(SqlSessionTemplate.java:288)
	at com.site.meinsite.member.model.dao.MemberDao.updateMember(MemberDao.java:34)
	at com.site.meinsite.member.model.service.MemberServiceImpl.updateMember(MemberServiceImpl.java:46)
	at com.site.meinsite.member.controller.MemberController.memberUpdate(MemberController.java:233)
	at java.base/jdk.internal.reflect.NativeMethodAccessorImpl.invoke0(Native Method)
	at java.base/jdk.internal.reflect.NativeMethodAccessorImpl.invoke(NativeMethodAccessorImpl.java:62)
	at java.base/jdk.internal.reflect.DelegatingMethodAccessorImpl.invoke(DelegatingMethodAccessorImpl.java:43)
	at java.base/java.lang.reflect.Method.invoke(Method.java:566)
	at org.springframework.web.method.support.InvocableHandlerMethod.doInvoke(InvocableHandlerMethod.java:205)
	at org.springframework.web.method.support.InvocableHandlerMethod.invokeForRequest(InvocableHandlerMethod.java:150)
	at org.springframework.web.servlet.mvc.method.annotation.ServletInvocableHandlerMethod.invokeAndHandle(ServletInvocableHandlerMethod.java:117)
	at org.springframework.web.servlet.mvc.method.annotation.RequestMappingHandlerAdapter.invokeHandlerMethod(RequestMappingHandlerAdapter.java:895)
	at org.springframework.web.servlet.mvc.method.annotation.RequestMappingHandlerAdapter.handleInternal(RequestMappingHandlerAdapter.java:808)
	at org.springframework.web.servlet.mvc.method.AbstractHandlerMethodAdapter.handle(AbstractHandlerMethodAdapter.java:87)
	at org.springframework.web.servlet.DispatcherServlet.doDispatch(DispatcherServlet.java:1067)
	at org.springframework.web.servlet.DispatcherServlet.doService(DispatcherServlet.java:963)
	at org.springframework.web.servlet.FrameworkServlet.processRequest(FrameworkServlet.java:1006)
	at org.springframework.web.servlet.FrameworkServlet.doPost(FrameworkServlet.java:909)
	at javax.servlet.http.HttpServlet.service(HttpServlet.java:681)
	at org.springframework.web.servlet.FrameworkServlet.service(FrameworkServlet.java:883)
	at javax.servlet.http.HttpServlet.service(HttpServlet.java:764)
	at org.apache.catalina.core.ApplicationFilterChain.internalDoFilter(ApplicationFilterChain.java:227)
	at org.apache.catalina.core.ApplicationFilterChain.doFilter(ApplicationFilterChain.java:162)
	at org.apache.tomcat.websocket.server.WsFilter.doFilter(WsFilter.java:53)
	at org.apache.catalina.core.ApplicationFilterChain.internalDoFilter(ApplicationFilterChain.java:189)
	at org.apache.catalina.core.ApplicationFilterChain.doFilter(ApplicationFilterChain.java:162)
	at org.springframework.web.filter.CharacterEncodingFilter.doFilterInternal(CharacterEncodingFilter.java:201)
	at org.springframework.web.filter.OncePerRequestFilter.doFilter(OncePerRequestFilter.java:117)
	at org.apache.catalina.core.ApplicationFilterChain.internalDoFilter(ApplicationFilterChain.java:189)
	at org.apache.catalina.core.ApplicationFilterChain.doFilter(ApplicationFilterChain.java:162)
	at org.apache.catalina.core.StandardWrapperValve.invoke(StandardWrapperValve.java:197)
	at org.apache.catalina.core.StandardContextValve.invoke(StandardContextValve.java:97)
	at org.apache.catalina.authenticator.AuthenticatorBase.invoke(AuthenticatorBase.java:541)
	at org.apache.catalina.core.StandardHostValve.invoke(StandardHostValve.java:135)
	at org.apache.catalina.valves.ErrorReportValve.invoke(ErrorReportValve.java:92)
	at org.apache.catalina.valves.AbstractAccessLogValve.invoke(AbstractAccessLogValve.java:687)
	at org.apache.catalina.core.StandardEngineValve.invoke(StandardEngineValve.java:78)
	at org.apache.catalina.connector.CoyoteAdapter.service(CoyoteAdapter.java:360)
	at org.apache.coyote.http11.Http11Processor.service(Http11Processor.java:399)
	at org.apache.coyote.AbstractProcessorLight.process(AbstractProcessorLight.java:65)
	at org.apache.coyote.AbstractProtocol$ConnectionHandler.process(AbstractProtocol.java:890)
	at org.apache.tomcat.util.net.NioEndpoint$SocketProcessor.doRun(NioEndpoint.java:1743)
	at org.apache.tomcat.util.net.SocketProcessorBase.run(SocketProcessorBase.java:49)
	at org.apache.tomcat.util.threads.ThreadPoolExecutor.runWorker(ThreadPoolExecutor.java:1191)
	at org.apache.tomcat.util.threads.ThreadPoolExecutor$Worker.run(ThreadPoolExecutor.java:659)
	at org.apache.tomcat.util.threads.TaskThread$WrappingRunnable.run(TaskThread.java:61)
	at java.base/java.lang.Thread.run(Thread.java:834)
Caused by: Error : 1747, Position : 53, Sql = update member
		set userpwd = :1 ,
			email = :2 ,
		where userid = :3 , OriginalSql = update member
		set userpwd = ?,
			email = ?,
		where userid = ?, Error Msg = ORA-01747:    

	at oracle.jdbc.driver.T4CTTIoer11.processError(T4CTTIoer11.java:498)
	... 74 more
[16:01:15][INFO ][ContextLoader.java:271] - Root WebApplicationContext: initialization started
[16:01:16][INFO ][ContextLoader.java:307] - Root WebApplicationContext initialized in 1416 ms
[16:01:16][INFO ][FrameworkServlet.java:525] - Initializing Servlet 'appServlet'
[16:01:18][INFO ][FrameworkServlet.java:547] - Completed initialization in 1819 ms
[16:01:19][WARN ][DispatcherServlet.java:1278] - No mapping for POST /meinsite/btop3.do
[16:01:19][WARN ][DispatcherServlet.java:1278] - No mapping for POST /meinsite/ntop3.do
[16:02:06][WARN ][DispatcherServlet.java:1278] - No mapping for POST /meinsite/ntop3.do
[16:02:06][WARN ][DispatcherServlet.java:1278] - No mapping for POST /meinsite/btop3.do
